Using pre-set license
Built from '2021.3/staging' branch; Version is '2021.3.31f1 (3409e2af086f) revision 3410402'; Using compiler version '192829333'; Build Type 'Release'
OS: 'Windows 11  (10.0.22621) 64bit Core' Language: 'fr' Physical Memory: 16247 MB
BatchMode: 1, IsHumanControllingUs: 0, StartBugReporterOnCrash: 0, Is64bit: 1, IsPro: 1

COMMAND LINE ARGUMENTS:
C:\Program Files\Unity\Hub\Editor\2021.3.31f1\Editor\Unity.exe
-adb2
-batchMode
-noUpm
-name
AssetImportWorker0
-projectPath
C:/Users/alexi/Mon Drive/Projets Unity/Game 2D
-logFile
Logs/AssetImportWorker0.log
-srvPort
55188
Successfully changed project path to: C:/Users/alexi/Mon Drive/Projets Unity/Game 2D
C:/Users/alexi/Mon Drive/Projets Unity/Game 2D
[UnityMemory] Configuration Parameters - Can be set up in boot.config
    "memorysetup-bucket-allocator-granularity=16"
    "memorysetup-bucket-allocator-bucket-count=8"
    "memorysetup-bucket-allocator-block-size=33554432"
    "memorysetup-bucket-allocator-block-count=8"
    "memorysetup-main-allocator-block-size=16777216"
    "memorysetup-thread-allocator-block-size=16777216"
    "memorysetup-gfx-main-allocator-block-size=16777216"
    "memorysetup-gfx-thread-allocator-block-size=16777216"
    "memorysetup-cache-allocator-block-size=4194304"
    "memorysetup-typetree-allocator-block-size=2097152"
    "memorysetup-profiler-bucket-allocator-granularity=16"
    "memorysetup-profiler-bucket-allocator-bucket-count=8"
    "memorysetup-profiler-bucket-allocator-block-size=33554432"
    "memorysetup-profiler-bucket-allocator-block-count=8"
    "memorysetup-profiler-allocator-block-size=16777216"
    "memorysetup-profiler-editor-allocator-block-size=1048576"
    "memorysetup-temp-allocator-size-main=16777216"
    "memorysetup-job-temp-allocator-block-size=2097152"
    "memorysetup-job-temp-allocator-block-size-background=1048576"
    "memorysetup-job-temp-allocator-reduction-small-platforms=262144"
    "memorysetup-temp-allocator-size-background-worker=32768"
    "memorysetup-temp-allocator-size-job-worker=262144"
    "memorysetup-temp-allocator-size-preload-manager=33554432"
    "memorysetup-temp-allocator-size-nav-mesh-worker=65536"
    "memorysetup-temp-allocator-size-audio-worker=65536"
    "memorysetup-temp-allocator-size-cloud-worker=32768"
    "memorysetup-temp-allocator-size-gi-baking-worker=262144"
    "memorysetup-temp-allocator-size-gfx=262144"
Player connection [24792] Host "[IP] 192.168.1.54 [Port] 0 [Flags] 2 [Guid] 581158708 [EditorId] 581158708 [Version] 1048832 [Id] WindowsEditor(7,DESKTOP-LTMOI1P) [Debug] 1 [PackageName] WindowsEditor [ProjectName] Editor" joined multi-casting on [225.0.0.222:54997]...

Player connection [24792] Host "[IP] 192.168.1.54 [Port] 0 [Flags] 2 [Guid] 581158708 [EditorId] 581158708 [Version] 1048832 [Id] WindowsEditor(7,DESKTOP-LTMOI1P) [Debug] 1 [PackageName] WindowsEditor [ProjectName] Editor" joined alternative multi-casting on [225.0.0.222:34997]...

[Physics::Module] Initialized MultithreadedJobDispatcher with {0} workers.
Refreshing native plugins compatible for Editor in 100.83 ms, found 3 plugins.
Preloading 0 native plugins for Editor in 0.00 ms.
Initialize engine version: 2021.3.31f1 (3409e2af086f)
[Subsystems] Discovering subsystems at path C:/Program Files/Unity/Hub/Editor/2021.3.31f1/Editor/Data/Resources/UnitySubsystems
[Subsystems] Discovering subsystems at path C:/Users/alexi/Mon Drive/Projets Unity/Game 2D/Assets
GfxDevice: creating device client; threaded=0; jobified=0
Direct3D:
    Version:  Direct3D 11.0 [level 11.1]
    Renderer: NVIDIA GeForce GTX 1660 SUPER (ID=0x21c4)
    Vendor:   NVIDIA
    VRAM:     5980 MB
    Driver:   31.0.15.3770
Initialize mono
Mono path[0] = 'C:/Program Files/Unity/Hub/Editor/2021.3.31f1/Editor/Data/Managed'
Mono path[1] = 'C:/Program Files/Unity/Hub/Editor/2021.3.31f1/Editor/Data/MonoBleedingEdge/lib/mono/unityjit-win32'
Mono config path = 'C:/Program Files/Unity/Hub/Editor/2021.3.31f1/Editor/Data/MonoBleedingEdge/etc'
Using monoOptions --debugger-agent=transport=dt_socket,embedding=1,server=y,suspend=n,address=127.0.0.1:56440
Begin MonoManager ReloadAssembly
Registering precompiled unity dll's ...
Register platform support module: C:/Program Files/Unity/Hub/Editor/2021.3.31f1/Editor/Data/PlaybackEngines/WindowsStandaloneSupport/UnityEditor.WindowsStandalone.Extensions.dll
Registered in 0.010336 seconds.
Native extension for WindowsStandalone target not found
Refreshing native plugins compatible for Editor in 102.27 ms, found 3 plugins.
Preloading 0 native plugins for Editor in 0.00 ms.
Mono: successfully reloaded assembly
- Completed reload, in  0.930 seconds
Domain Reload Profiling:
	ReloadAssembly (930ms)
		BeginReloadAssembly (155ms)
			ExecutionOrderSort (0ms)
			DisableScriptedObjects (0ms)
			BackupInstance (0ms)
			ReleaseScriptingObjects (0ms)
			CreateAndSetChildDomain (1ms)
		EndReloadAssembly (637ms)
			LoadAssemblies (151ms)
			RebuildTransferFunctionScriptingTraits (0ms)
			SetupTypeCache (165ms)
			ReleaseScriptCaches (0ms)
			RebuildScriptCaches (38ms)
			SetupLoadedEditorAssemblies (363ms)
				LogAssemblyErrors (0ms)
				InitializePlatformSupportModulesInManaged (9ms)
				SetLoadedEditorAssemblies (0ms)
				RefreshPlugins (102ms)
				BeforeProcessingInitializeOnLoad (2ms)
				ProcessInitializeOnLoadAttributes (178ms)
				ProcessInitializeOnLoadMethodAttributes (72ms)
				AfterProcessingInitializeOnLoad (0ms)
				EditorAssembliesLoaded (0ms)
			ExecutionOrderSort2 (0ms)
			AwakeInstancesAfterBackupRestoration (0ms)
Platform modules already initialized, skipping
Registering precompiled user dll's ...
Registered in 0.018238 seconds.
Begin MonoManager ReloadAssembly
Native extension for WindowsStandalone target not found
Refreshing native plugins compatible for Editor in 110.16 ms, found 3 plugins.
Preloading 0 native plugins for Editor in 0.00 ms.
Package Manager log level set to [2]
[Package Manager] Server::EnsureServerProcessIsRunning -- launch failed, reason: Unity was launched with the -noUpm command-line argument
[Package Manager] Cannot connect to Unity Package Manager local server
Mono: successfully reloaded assembly
- Completed reload, in  2.203 seconds
Domain Reload Profiling:
	ReloadAssembly (2204ms)
		BeginReloadAssembly (205ms)
			ExecutionOrderSort (0ms)
			DisableScriptedObjects (7ms)
			BackupInstance (0ms)
			ReleaseScriptingObjects (0ms)
			CreateAndSetChildDomain (31ms)
		EndReloadAssembly (1845ms)
			LoadAssemblies (215ms)
			RebuildTransferFunctionScriptingTraits (0ms)
			SetupTypeCache (331ms)
			ReleaseScriptCaches (1ms)
			RebuildScriptCaches (95ms)
			SetupLoadedEditorAssemblies (1193ms)
				LogAssemblyErrors (0ms)
				InitializePlatformSupportModulesInManaged (6ms)
				SetLoadedEditorAssemblies (0ms)
				RefreshPlugins (110ms)
				BeforeProcessingInitializeOnLoad (141ms)
				ProcessInitializeOnLoadAttributes (789ms)
				ProcessInitializeOnLoadMethodAttributes (131ms)
				AfterProcessingInitializeOnLoad (15ms)
				EditorAssembliesLoaded (0ms)
			ExecutionOrderSort2 (0ms)
			AwakeInstancesAfterBackupRestoration (8ms)
Platform modules already initialized, skipping
========================================================================
Worker process is ready to serve import requests
Launched and connected shader compiler UnityShaderCompiler.exe after 0.07 seconds
Refreshing native plugins compatible for Editor in 1.20 ms, found 3 plugins.
Preloading 0 native plugins for Editor in 0.00 ms.
Unloading 3761 Unused Serialized files (Serialized files now loaded: 0)
Unloading 46 unused Assets / (0.6 MB). Loaded Objects now: 4235.
Memory consumption went from 189.8 MB to 189.1 MB.
Total: 4.007500 ms (FindLiveObjects: 0.403500 ms CreateObjectMapping: 0.401500 ms MarkObjects: 2.892700 ms  DeleteObjects: 0.307800 ms)

AssetImportParameters requested are different than current active one (requested -> active):
  custom:video-decoder-ogg-theora: a1e56fd34408186e4bbccfd4996cb3dc -> 
  custom:container-muxer-webm: aa71ff27fc2769a1b78a27578f13a17b -> 
  custom:container-demuxer-webm: 4f35f7cbe854078d1ac9338744f61a02 -> 
  custom:video-encoder-webm-vp8: eb34c28f22e8b96e1ab97ce403110664 -> 
  custom:video-codec-MediaFoundation-h265: 746d11721c4dcdbdad8f713fa42b33f4 -> 
  custom:audio-encoder-webm-vorbis: bf7c407c2cedff20999df2af8eb42d56 -> 
  custom:framework-win-MediaFoundation: 216162199b28c13a410421893ffa2e32 -> 
  custom:SearchIndexIgnoredProperties: e643bd26f0fe6173181afceb89e7c659 -> 
  custom:container-demuxer-ogg: 62fdf1f143b41e24485cea50d1cbac27 -> 
  custom:video-decoder-webm-vp8: 9c59270c3fd7afecdb556c50c9e8de78 -> 
  custom:audio-decoder-ogg-vorbis: bf7c407c2cedff20999df2af8eb42d56 -> 
========================================================================
Received Import Request.
  Time since last request: 23368.130258 seconds.
  path: Assets/Palettes/Palette perso.prefab
  artifactKey: Guid(7bb2b612af43c8d4f90f04d6303614fe) Importer(815301076,1909f56bfc062723c751e8b465ee728b)
Number of updated assets reloaded before import = 0
Start importing Assets/Palettes/Palette perso.prefab using Guid(7bb2b612af43c8d4f90f04d6303614fe) Importer(815301076,1909f56bfc062723c751e8b465ee728b)  -> (artifact id: '166a77b94270a5dcbe667633748da1a3') in 0.373692 seconds 
Number of asset objects unloaded after import = 48
========================================================================
Received Import Request.
  Time since last request: 0.000036 seconds.
  path: Assets/Palettes/Palette desert.prefab
  artifactKey: Guid(819dc3e89fb6c164dbcb7bbc222bd14b) Importer(815301076,1909f56bfc062723c751e8b465ee728b)
Number of updated assets reloaded before import = 0
Start importing Assets/Palettes/Palette desert.prefab using Guid(819dc3e89fb6c164dbcb7bbc222bd14b) Importer(815301076,1909f56bfc062723c751e8b465ee728b)  -> (artifact id: '51ccff2f56fe5a84e6597a8f14159d9c') in 0.070499 seconds 
Number of asset objects unloaded after import = 132
========================================================================
Received Prepare
Refreshing native plugins compatible for Editor in 10.71 ms, found 3 plugins.
Preloading 0 native plugins for Editor in 0.00 ms.
Unloading 33 Unused Serialized files (Serialized files now loaded: 0)
Unloading 50 unused Assets / (0.6 MB). Loaded Objects now: 4313.
Memory consumption went from 114.6 MB to 114.0 MB.
Total: 5.949900 ms (FindLiveObjects: 0.335600 ms CreateObjectMapping: 0.246100 ms MarkObjects: 5.040300 ms  DeleteObjects: 0.326700 ms)

AssetImportParameters requested are different than current active one (requested -> active):
  custom:video-decoder-ogg-theora: a1e56fd34408186e4bbccfd4996cb3dc -> 
  custom:container-muxer-webm: aa71ff27fc2769a1b78a27578f13a17b -> 
  custom:container-demuxer-webm: 4f35f7cbe854078d1ac9338744f61a02 -> 
  custom:video-encoder-webm-vp8: eb34c28f22e8b96e1ab97ce403110664 -> 
  custom:video-codec-MediaFoundation-h265: 746d11721c4dcdbdad8f713fa42b33f4 -> 
  custom:CustomObjectIndexerAttribute: 6b0e35c9178b02a6363f3721b7b8e397 -> 
  custom:audio-encoder-webm-vorbis: bf7c407c2cedff20999df2af8eb42d56 -> 
  custom:framework-win-MediaFoundation: 216162199b28c13a410421893ffa2e32 -> 
  custom:SearchIndexIgnoredProperties: e643bd26f0fe6173181afceb89e7c659 -> 
  custom:container-demuxer-ogg: 62fdf1f143b41e24485cea50d1cbac27 -> 
  custom:video-decoder-webm-vp8: 9c59270c3fd7afecdb556c50c9e8de78 -> 
  custom:audio-decoder-ogg-vorbis: bf7c407c2cedff20999df2af8eb42d56 -> 
========================================================================
Received Import Request.
  Time since last request: 30.133893 seconds.
  path: Assets/Prefabs/Background.prefab
  artifactKey: Guid(d62f06778e3eaf4438f0be6796c4601d) Importer(815301076,1909f56bfc062723c751e8b465ee728b)
Number of updated assets reloaded before import = 0
Start importing Assets/Prefabs/Background.prefab using Guid(d62f06778e3eaf4438f0be6796c4601d) Importer(815301076,1909f56bfc062723c751e8b465ee728b)  -> (artifact id: '9569a8e0d713480e42d8f539a3aa9315') in 0.093742 seconds 
Number of asset objects unloaded after import = 45
========================================================================
Received Import Request.
  Time since last request: 0.000029 seconds.
  path: Assets/Prefabs/Water.prefab
  artifactKey: Guid(cb6098f8b4b6f1947b9d9833f3de92f6) Importer(815301076,1909f56bfc062723c751e8b465ee728b)
Number of updated assets reloaded before import = 0
Start importing Assets/Prefabs/Water.prefab using Guid(cb6098f8b4b6f1947b9d9833f3de92f6) Importer(815301076,1909f56bfc062723c751e8b465ee728b)  -> (artifact id: '36f515787249a9baeed39e542debcf94') in 0.007249 seconds 
Number of asset objects unloaded after import = 14
========================================================================
Received Import Request.
  Time since last request: 0.000033 seconds.
  path: Assets/Prefabs/Coin.prefab
  artifactKey: Guid(15700992b99dbd649921bc9547096bb8) Importer(815301076,1909f56bfc062723c751e8b465ee728b)
Number of updated assets reloaded before import = 0
Start importing Assets/Prefabs/Coin.prefab using Guid(15700992b99dbd649921bc9547096bb8) Importer(815301076,1909f56bfc062723c751e8b465ee728b)  -> (artifact id: 'c3ba8e8a937a2a7213dbdbbaf6eac5e4') in 0.015760 seconds 
Number of asset objects unloaded after import = 21
========================================================================
Received Import Request.
  Time since last request: 0.000025 seconds.
  path: Assets/Prefabs/LittleTorch.prefab
  artifactKey: Guid(a3f2c6d083adba542a585d67ebf10d5e) Importer(815301076,1909f56bfc062723c751e8b465ee728b)
Number of updated assets reloaded before import = 0
Start importing Assets/Prefabs/LittleTorch.prefab using Guid(a3f2c6d083adba542a585d67ebf10d5e) Importer(815301076,1909f56bfc062723c751e8b465ee728b)  -> (artifact id: '7b8b26e183bdab55318f076f4346ea33') in 0.019326 seconds 
Number of asset objects unloaded after import = 21
========================================================================
Received Import Request.
  Time since last request: 0.000034 seconds.
  path: Assets/Prefabs/Porte.prefab
  artifactKey: Guid(23f20889168e3854badeededfd06186d) Importer(815301076,1909f56bfc062723c751e8b465ee728b)
Number of updated assets reloaded before import = 0
Start importing Assets/Prefabs/Porte.prefab using Guid(23f20889168e3854badeededfd06186d) Importer(815301076,1909f56bfc062723c751e8b465ee728b)  -> (artifact id: '41ad6d8b70c05e4477d1c3040e510a81') in 0.013232 seconds 
Number of asset objects unloaded after import = 25
========================================================================
Received Import Request.
  Time since last request: 0.000036 seconds.
  path: Assets/Prefabs/Flying Key.prefab
  artifactKey: Guid(238172388d43ad04b93d014ebcb3f48f) Importer(815301076,1909f56bfc062723c751e8b465ee728b)
Number of updated assets reloaded before import = 0
Start importing Assets/Prefabs/Flying Key.prefab using Guid(238172388d43ad04b93d014ebcb3f48f) Importer(815301076,1909f56bfc062723c751e8b465ee728b)  -> (artifact id: 'ffd56d7fe8b4c06a57c00300d11315f5') in 0.015877 seconds 
Number of asset objects unloaded after import = 24
========================================================================
Received Import Request.
  Time since last request: 0.000018 seconds.
  path: Assets/Prefabs/Bridge.prefab
  artifactKey: Guid(406557db02662a948a8287dae6475980) Importer(815301076,1909f56bfc062723c751e8b465ee728b)
Number of updated assets reloaded before import = 0
Start importing Assets/Prefabs/Bridge.prefab using Guid(406557db02662a948a8287dae6475980) Importer(815301076,1909f56bfc062723c751e8b465ee728b)  -> (artifact id: '29988c93c75419b0c6d8571b5465a3d2') in 0.013254 seconds 
Number of asset objects unloaded after import = 49
========================================================================
Received Import Request.
  Time since last request: 0.000021 seconds.
  path: Assets/Prefabs/Box.prefab
  artifactKey: Guid(fac425eff9b67634593536c2f777309b) Importer(815301076,1909f56bfc062723c751e8b465ee728b)
Number of updated assets reloaded before import = 0
Start importing Assets/Prefabs/Box.prefab using Guid(fac425eff9b67634593536c2f777309b) Importer(815301076,1909f56bfc062723c751e8b465ee728b)  -> (artifact id: 'a40322097260a43da958bfd1f0129ddb') in 0.013216 seconds 
Number of asset objects unloaded after import = 10
========================================================================
Received Import Request.
  Time since last request: 0.000029 seconds.
  path: Assets/Prefabs/DeathZone.prefab
  artifactKey: Guid(282ce567057fd364383c8545569e3d25) Importer(815301076,1909f56bfc062723c751e8b465ee728b)
Number of updated assets reloaded before import = 0
Start importing Assets/Prefabs/DeathZone.prefab using Guid(282ce567057fd364383c8545569e3d25) Importer(815301076,1909f56bfc062723c751e8b465ee728b)  -> (artifact id: '15bc680ae95719d9a5c379136a067961') in 0.006322 seconds 
Number of asset objects unloaded after import = 7
========================================================================
Received Import Request.
  Time since last request: 0.000021 seconds.
  path: Assets/Prefabs/HealPowerUp.prefab
  artifactKey: Guid(5a52ed92288c6c7419ce227bdd156643) Importer(815301076,1909f56bfc062723c751e8b465ee728b)
Number of updated assets reloaded before import = 0
Start importing Assets/Prefabs/HealPowerUp.prefab using Guid(5a52ed92288c6c7419ce227bdd156643) Importer(815301076,1909f56bfc062723c751e8b465ee728b)  -> (artifact id: '841c15a4fd004c2b61d5c96592f24b3c') in 0.011700 seconds 
Number of asset objects unloaded after import = 11
========================================================================
Received Import Request.
  Time since last request: 0.000022 seconds.
  path: Assets/Prefabs/Checkpoint.prefab
  artifactKey: Guid(70480e87d381cac45b4e861f39d654df) Importer(815301076,1909f56bfc062723c751e8b465ee728b)
Number of updated assets reloaded before import = 0
Start importing Assets/Prefabs/Checkpoint.prefab using Guid(70480e87d381cac45b4e861f39d654df) Importer(815301076,1909f56bfc062723c751e8b465ee728b)  -> (artifact id: '54f1556115680c051aec4e07cce1b562') in 0.016328 seconds 
Number of asset objects unloaded after import = 17
========================================================================
Received Import Request.
  Time since last request: 13.323342 seconds.
  path: Assets/Door_Open_Light_Top_Round.png
  artifactKey: Guid(7d7771489f86c3149969f25c8c591b78) Importer(815301076,1909f56bfc062723c751e8b465ee728b)
Number of updated assets reloaded before import = 0
Start importing Assets/Door_Open_Light_Top_Round.png using Guid(7d7771489f86c3149969f25c8c591b78) Importer(815301076,1909f56bfc062723c751e8b465ee728b)  -> (artifact id: '3fd97520fc29e70f18bee7b6f903fe05') in 0.051380 seconds 
Number of asset objects unloaded after import = 3
========================================================================
Received Import Request.
  Time since last request: 0.000017 seconds.
  path: Assets/UniversalRenderPipelineGlobalSettings.asset
  artifactKey: Guid(80e6560c07d6ec34db18461d49268ddf) Importer(815301076,1909f56bfc062723c751e8b465ee728b)
Number of updated assets reloaded before import = 0
Start importing Assets/UniversalRenderPipelineGlobalSettings.asset using Guid(80e6560c07d6ec34db18461d49268ddf) Importer(815301076,1909f56bfc062723c751e8b465ee728b)  -> (artifact id: '5229993f227537e5492b4af729e47b38') in 0.005879 seconds 
Number of asset objects unloaded after import = 1
========================================================================
Received Import Request.
  Time since last request: 7.474979 seconds.
  path: Assets/imports/bg-masthead.jpg
  artifactKey: Guid(400451a73c9262c429f0c05938e1c471) Importer(815301076,1909f56bfc062723c751e8b465ee728b)
Number of updated assets reloaded before import = 0
Start importing Assets/imports/bg-masthead.jpg using Guid(400451a73c9262c429f0c05938e1c471) Importer(815301076,1909f56bfc062723c751e8b465ee728b)  -> (artifact id: 'abe7239f2ea85a0b2e142616441984bc') in 0.188133 seconds 
Number of asset objects unloaded after import = 3
========================================================================
Received Import Request.
  Time since last request: 0.000031 seconds.
  path: Assets/imports/Tileset - Cavern.png
  artifactKey: Guid(ef0872e0435a4db4ba709dac9829a4a5) Importer(815301076,1909f56bfc062723c751e8b465ee728b)
Number of updated assets reloaded before import = 0
Start importing Assets/imports/Tileset - Cavern.png using Guid(ef0872e0435a4db4ba709dac9829a4a5) Importer(815301076,1909f56bfc062723c751e8b465ee728b)  -> (artifact id: '6b69356dae4bd1bb8b8244c55fe89004') in 0.045946 seconds 
Number of asset objects unloaded after import = 3
========================================================================
Received Import Request.
  Time since last request: 0.000061 seconds.
  path: Assets/imports/pf-sign-green.png
  artifactKey: Guid(fd3cc478f1c6e3a48802dcc0aa6f5cb7) Importer(815301076,1909f56bfc062723c751e8b465ee728b)
Number of updated assets reloaded before import = 0
Start importing Assets/imports/pf-sign-green.png using Guid(fd3cc478f1c6e3a48802dcc0aa6f5cb7) Importer(815301076,1909f56bfc062723c751e8b465ee728b)  -> (artifact id: '48ee1cfa6811ecd4887b640ca9221bc4') in 0.025870 seconds 
Number of asset objects unloaded after import = 3
========================================================================
Received Import Request.
  Time since last request: 0.000030 seconds.
  path: Assets/imports/heart.png
  artifactKey: Guid(2c17eb37a79d0fc48b365a965b7b63f8) Importer(815301076,1909f56bfc062723c751e8b465ee728b)
Number of updated assets reloaded before import = 0
Start importing Assets/imports/heart.png using Guid(2c17eb37a79d0fc48b365a965b7b63f8) Importer(815301076,1909f56bfc062723c751e8b465ee728b)  -> (artifact id: 'cc7ae0844a24cb23e57f4d292518471e') in 0.019585 seconds 
Number of asset objects unloaded after import = 3
========================================================================
Received Import Request.
  Time since last request: 0.000023 seconds.
  path: Assets/imports/red-snake.png
  artifactKey: Guid(f2e890620a71bed41836ed90bb8587fa) Importer(815301076,1909f56bfc062723c751e8b465ee728b)
Number of updated assets reloaded before import = 0
Start importing Assets/imports/red-snake.png using Guid(f2e890620a71bed41836ed90bb8587fa) Importer(815301076,1909f56bfc062723c751e8b465ee728b)  -> (artifact id: '133d2c678b02a542346981fdcf80f956') in 0.030408 seconds 
Number of asset objects unloaded after import = 6
========================================================================
Received Import Request.
  Time since last request: 0.000030 seconds.
  path: Assets/imports/Tileset - Forest.png
  artifactKey: Guid(a5a7eaaebd0110342aa674d3ec501c1a) Importer(815301076,1909f56bfc062723c751e8b465ee728b)
Number of updated assets reloaded before import = 0
Start importing Assets/imports/Tileset - Forest.png using Guid(a5a7eaaebd0110342aa674d3ec501c1a) Importer(815301076,1909f56bfc062723c751e8b465ee728b)  -> (artifact id: 'b44fd6a2b18227fea668fde8e0532c93') in 0.149450 seconds 
Number of asset objects unloaded after import = 62
========================================================================
Received Import Request.
  Time since last request: 0.000034 seconds.
  path: Assets/imports/board-02.png
  artifactKey: Guid(e91297a8a6b5ae347ab61b82491aae05) Importer(815301076,1909f56bfc062723c751e8b465ee728b)
Number of updated assets reloaded before import = 0
Start importing Assets/imports/board-02.png using Guid(e91297a8a6b5ae347ab61b82491aae05) Importer(815301076,1909f56bfc062723c751e8b465ee728b)  -> (artifact id: '07102834f7e4058f9255bbc51d64165f') in 0.023217 seconds 
Number of asset objects unloaded after import = 3
========================================================================
Received Import Request.
  Time since last request: 0.000053 seconds.
  path: Assets/imports/Tileset - Desert.png
  artifactKey: Guid(7d5907eefb6b0684b899ef91b94d7d41) Importer(815301076,1909f56bfc062723c751e8b465ee728b)
Number of updated assets reloaded before import = 0
Start importing Assets/imports/Tileset - Desert.png using Guid(7d5907eefb6b0684b899ef91b94d7d41) Importer(815301076,1909f56bfc062723c751e8b465ee728b)  -> (artifact id: '595f238e53f7e2a8e558ca3e877e1755') in 0.111777 seconds 
Number of asset objects unloaded after import = 62
========================================================================
Received Import Request.
  Time since last request: 0.000020 seconds.
  path: Assets/imports/MagicBox.png
  artifactKey: Guid(cac5db0a44472ac449c26b5edb9c4f57) Importer(815301076,1909f56bfc062723c751e8b465ee728b)
Number of updated assets reloaded before import = 0
Start importing Assets/imports/MagicBox.png using Guid(cac5db0a44472ac449c26b5edb9c4f57) Importer(815301076,1909f56bfc062723c751e8b465ee728b)  -> (artifact id: 'b79eea191dbef52989625bf509336b7d') in 0.034401 seconds 
Number of asset objects unloaded after import = 3
========================================================================
Received Import Request.
  Time since last request: 0.000027 seconds.
  path: Assets/imports/magicbox3.png
  artifactKey: Guid(d08902edd2b877045bdb5f71a11e28ef) Importer(815301076,1909f56bfc062723c751e8b465ee728b)
Number of updated assets reloaded before import = 0
Start importing Assets/imports/magicbox3.png using Guid(d08902edd2b877045bdb5f71a11e28ef) Importer(815301076,1909f56bfc062723c751e8b465ee728b)  -> (artifact id: '39780bbe6b02d1e3d89a3a09623763f9') in 0.027309 seconds 
Number of asset objects unloaded after import = 3
========================================================================
Received Import Request.
  Time since last request: 0.000020 seconds.
  path: Assets/imports/Sign.png
  artifactKey: Guid(66e6775a91a16db448474b3a9e8adf90) Importer(815301076,1909f56bfc062723c751e8b465ee728b)
Number of updated assets reloaded before import = 0
Start importing Assets/imports/Sign.png using Guid(66e6775a91a16db448474b3a9e8adf90) Importer(815301076,1909f56bfc062723c751e8b465ee728b)  -> (artifact id: '855b1754d00e159d0f4d189bfe686cb4') in 0.021150 seconds 
Number of asset objects unloaded after import = 3
========================================================================
Received Import Request.
  Time since last request: 0.000026 seconds.
  path: Assets/imports/Misc_WoodImpression_Arrow 1.png
  artifactKey: Guid(bed57cd9ba40fa34695353088616035c) Importer(815301076,1909f56bfc062723c751e8b465ee728b)
Number of updated assets reloaded before import = 0
Start importing Assets/imports/Misc_WoodImpression_Arrow 1.png using Guid(bed57cd9ba40fa34695353088616035c) Importer(815301076,1909f56bfc062723c751e8b465ee728b)  -> (artifact id: '1aa7f082db919a416eb8d78b5f29e6fa') in 0.021858 seconds 
Number of asset objects unloaded after import = 3
Editor requested this worker to shutdown with reason: Scaling down because of idle timeout
AssetImportWorker is now disconnected from the server
Process exiting
Exiting without the bug reporter. Application will terminate with return code 0