Using pre-set license
Built from '2021.3/staging' branch; Version is '2021.3.31f1 (3409e2af086f) revision 3410402'; Using compiler version '192829333'; Build Type 'Release'
OS: 'Windows 11  (10.0.22621) 64bit Core' Language: 'fr' Physical Memory: 16247 MB
BatchMode: 1, IsHumanControllingUs: 0, StartBugReporterOnCrash: 0, Is64bit: 1, IsPro: 1

COMMAND LINE ARGUMENTS:
C:\Program Files\Unity\Hub\Editor\2021.3.31f1\Editor\Unity.exe
-adb2
-batchMode
-noUpm
-name
AssetImportWorker3
-projectPath
C:/Users/alexi/Mon Drive/Projets Unity/Game 2D
-logFile
Logs/AssetImportWorker3.log
-srvPort
64564
Successfully changed project path to: C:/Users/alexi/Mon Drive/Projets Unity/Game 2D
C:/Users/alexi/Mon Drive/Projets Unity/Game 2D
[UnityMemory] Configuration Parameters - Can be set up in boot.config
    "memorysetup-bucket-allocator-granularity=16"
    "memorysetup-bucket-allocator-bucket-count=8"
    "memorysetup-bucket-allocator-block-size=33554432"
    "memorysetup-bucket-allocator-block-count=8"
    "memorysetup-main-allocator-block-size=16777216"
    "memorysetup-thread-allocator-block-size=16777216"
    "memorysetup-gfx-main-allocator-block-size=16777216"
    "memorysetup-gfx-thread-allocator-block-size=16777216"
    "memorysetup-cache-allocator-block-size=4194304"
    "memorysetup-typetree-allocator-block-size=2097152"
    "memorysetup-profiler-bucket-allocator-granularity=16"
    "memorysetup-profiler-bucket-allocator-bucket-count=8"
    "memorysetup-profiler-bucket-allocator-block-size=33554432"
    "memorysetup-profiler-bucket-allocator-block-count=8"
    "memorysetup-profiler-allocator-block-size=16777216"
    "memorysetup-profiler-editor-allocator-block-size=1048576"
    "memorysetup-temp-allocator-size-main=16777216"
    "memorysetup-job-temp-allocator-block-size=2097152"
    "memorysetup-job-temp-allocator-block-size-background=1048576"
    "memorysetup-job-temp-allocator-reduction-small-platforms=262144"
    "memorysetup-temp-allocator-size-background-worker=32768"
    "memorysetup-temp-allocator-size-job-worker=262144"
    "memorysetup-temp-allocator-size-preload-manager=33554432"
    "memorysetup-temp-allocator-size-nav-mesh-worker=65536"
    "memorysetup-temp-allocator-size-audio-worker=65536"
    "memorysetup-temp-allocator-size-cloud-worker=32768"
    "memorysetup-temp-allocator-size-gi-baking-worker=262144"
    "memorysetup-temp-allocator-size-gfx=262144"
Player connection [26464] Host "[IP] 192.168.1.54 [Port] 0 [Flags] 2 [Guid] 709828217 [EditorId] 709828217 [Version] 1048832 [Id] WindowsEditor(7,DESKTOP-LTMOI1P) [Debug] 1 [PackageName] WindowsEditor [ProjectName] Editor" joined multi-casting on [225.0.0.222:54997]...

Player connection [26464] Host "[IP] 192.168.1.54 [Port] 0 [Flags] 2 [Guid] 709828217 [EditorId] 709828217 [Version] 1048832 [Id] WindowsEditor(7,DESKTOP-LTMOI1P) [Debug] 1 [PackageName] WindowsEditor [ProjectName] Editor" joined alternative multi-casting on [225.0.0.222:34997]...

[Physics::Module] Initialized MultithreadedJobDispatcher with {0} workers.
Refreshing native plugins compatible for Editor in 127.48 ms, found 3 plugins.
Preloading 0 native plugins for Editor in 0.00 ms.
Initialize engine version: 2021.3.31f1 (3409e2af086f)
[Subsystems] Discovering subsystems at path C:/Program Files/Unity/Hub/Editor/2021.3.31f1/Editor/Data/Resources/UnitySubsystems
[Subsystems] Discovering subsystems at path C:/Users/alexi/Mon Drive/Projets Unity/Game 2D/Assets
GfxDevice: creating device client; threaded=0; jobified=0
Direct3D:
    Version:  Direct3D 11.0 [level 11.1]
    Renderer: NVIDIA GeForce GTX 1660 SUPER (ID=0x21c4)
    Vendor:   NVIDIA
    VRAM:     5980 MB
    Driver:   31.0.15.3770
Initialize mono
Mono path[0] = 'C:/Program Files/Unity/Hub/Editor/2021.3.31f1/Editor/Data/Managed'
Mono path[1] = 'C:/Program Files/Unity/Hub/Editor/2021.3.31f1/Editor/Data/MonoBleedingEdge/lib/mono/unityjit-win32'
Mono config path = 'C:/Program Files/Unity/Hub/Editor/2021.3.31f1/Editor/Data/MonoBleedingEdge/etc'
Using monoOptions --debugger-agent=transport=dt_socket,embedding=1,server=y,suspend=n,address=127.0.0.1:56584
Begin MonoManager ReloadAssembly
Registering precompiled unity dll's ...
Register platform support module: C:/Program Files/Unity/Hub/Editor/2021.3.31f1/Editor/Data/PlaybackEngines/WindowsStandaloneSupport/UnityEditor.WindowsStandalone.Extensions.dll
Registered in 0.007921 seconds.
Native extension for WindowsStandalone target not found
Refreshing native plugins compatible for Editor in 94.82 ms, found 3 plugins.
Preloading 0 native plugins for Editor in 0.00 ms.
Mono: successfully reloaded assembly
- Completed reload, in  0.744 seconds
Domain Reload Profiling:
	ReloadAssembly (744ms)
		BeginReloadAssembly (112ms)
			ExecutionOrderSort (0ms)
			DisableScriptedObjects (0ms)
			BackupInstance (0ms)
			ReleaseScriptingObjects (0ms)
			CreateAndSetChildDomain (1ms)
		EndReloadAssembly (515ms)
			LoadAssemblies (109ms)
			RebuildTransferFunctionScriptingTraits (0ms)
			SetupTypeCache (132ms)
			ReleaseScriptCaches (0ms)
			RebuildScriptCaches (33ms)
			SetupLoadedEditorAssemblies (304ms)
				LogAssemblyErrors (0ms)
				InitializePlatformSupportModulesInManaged (10ms)
				SetLoadedEditorAssemblies (0ms)
				RefreshPlugins (95ms)
				BeforeProcessingInitializeOnLoad (1ms)
				ProcessInitializeOnLoadAttributes (142ms)
				ProcessInitializeOnLoadMethodAttributes (55ms)
				AfterProcessingInitializeOnLoad (0ms)
				EditorAssembliesLoaded (0ms)
			ExecutionOrderSort2 (0ms)
			AwakeInstancesAfterBackupRestoration (0ms)
Platform modules already initialized, skipping
Registering precompiled user dll's ...
Registered in 0.012644 seconds.
Begin MonoManager ReloadAssembly
Native extension for WindowsStandalone target not found
Refreshing native plugins compatible for Editor in 102.94 ms, found 3 plugins.
Preloading 0 native plugins for Editor in 0.00 ms.
Package Manager log level set to [2]
[Package Manager] Server::EnsureServerProcessIsRunning -- launch failed, reason: Unity was launched with the -noUpm command-line argument
[Package Manager] Cannot connect to Unity Package Manager local server
Mono: successfully reloaded assembly
- Completed reload, in  1.994 seconds
Domain Reload Profiling:
	ReloadAssembly (1995ms)
		BeginReloadAssembly (176ms)
			ExecutionOrderSort (0ms)
			DisableScriptedObjects (6ms)
			BackupInstance (0ms)
			ReleaseScriptingObjects (0ms)
			CreateAndSetChildDomain (24ms)
		EndReloadAssembly (1667ms)
			LoadAssemblies (151ms)
			RebuildTransferFunctionScriptingTraits (0ms)
			SetupTypeCache (346ms)
			ReleaseScriptCaches (1ms)
			RebuildScriptCaches (76ms)
			SetupLoadedEditorAssemblies (1080ms)
				LogAssemblyErrors (0ms)
				InitializePlatformSupportModulesInManaged (9ms)
				SetLoadedEditorAssemblies (0ms)
				RefreshPlugins (103ms)
				BeforeProcessingInitializeOnLoad (124ms)
				ProcessInitializeOnLoadAttributes (730ms)
				ProcessInitializeOnLoadMethodAttributes (103ms)
				AfterProcessingInitializeOnLoad (11ms)
				EditorAssembliesLoaded (0ms)
			ExecutionOrderSort2 (0ms)
			AwakeInstancesAfterBackupRestoration (7ms)
Platform modules already initialized, skipping
========================================================================
Worker process is ready to serve import requests
Launched and connected shader compiler UnityShaderCompiler.exe after 0.06 seconds
Refreshing native plugins compatible for Editor in 0.98 ms, found 3 plugins.
Preloading 0 native plugins for Editor in 0.00 ms.
Unloading 3763 Unused Serialized files (Serialized files now loaded: 0)
Unloading 46 unused Assets / (0.6 MB). Loaded Objects now: 4237.
Memory consumption went from 191.0 MB to 190.4 MB.
Total: 7.984300 ms (FindLiveObjects: 0.660100 ms CreateObjectMapping: 0.568300 ms MarkObjects: 6.273500 ms  DeleteObjects: 0.480300 ms)

AssetImportParameters requested are different than current active one (requested -> active):
  custom:video-decoder-ogg-theora: a1e56fd34408186e4bbccfd4996cb3dc -> 
  custom:container-muxer-webm: aa71ff27fc2769a1b78a27578f13a17b -> 
  custom:container-demuxer-webm: 4f35f7cbe854078d1ac9338744f61a02 -> 
  custom:video-encoder-webm-vp8: eb34c28f22e8b96e1ab97ce403110664 -> 
  custom:video-codec-MediaFoundation-h265: 746d11721c4dcdbdad8f713fa42b33f4 -> 
  custom:CustomObjectIndexerAttribute: 6b0e35c9178b02a6363f3721b7b8e397 -> 
  custom:audio-encoder-webm-vorbis: bf7c407c2cedff20999df2af8eb42d56 -> 
  custom:framework-win-MediaFoundation: 216162199b28c13a410421893ffa2e32 -> 
  custom:SearchIndexIgnoredProperties: e643bd26f0fe6173181afceb89e7c659 -> 
  custom:container-demuxer-ogg: 62fdf1f143b41e24485cea50d1cbac27 -> 
  custom:video-decoder-webm-vp8: 9c59270c3fd7afecdb556c50c9e8de78 -> 
  custom:audio-decoder-ogg-vorbis: bf7c407c2cedff20999df2af8eb42d56 -> 
========================================================================
Received Import Request.
  Time since last request: 3783.008057 seconds.
  path: Assets/imports/Ladders/bambou.png
  artifactKey: Guid(ee44336f21b75cd41bfa74a542913b04) Importer(815301076,1909f56bfc062723c751e8b465ee728b)
Number of updated assets reloaded before import = 0
Start importing Assets/imports/Ladders/bambou.png using Guid(ee44336f21b75cd41bfa74a542913b04) Importer(815301076,1909f56bfc062723c751e8b465ee728b)  -> (artifact id: '0bd24a79390fa62cdcbc86fe16255787') in 0.159462 seconds 
Number of asset objects unloaded after import = 3
========================================================================
Received Import Request.
  Time since last request: 0.000021 seconds.
  path: Assets/imports/swamp/3 Objects/Pointers/5.png
  artifactKey: Guid(9b49526c8c47a064aa63015f071949ae) Importer(815301076,1909f56bfc062723c751e8b465ee728b)
Number of updated assets reloaded before import = 0
Start importing Assets/imports/swamp/3 Objects/Pointers/5.png using Guid(9b49526c8c47a064aa63015f071949ae) Importer(815301076,1909f56bfc062723c751e8b465ee728b)  -> (artifact id: '369334e726c7863adee194e4341b4857') in 0.019919 seconds 
Number of asset objects unloaded after import = 3
========================================================================
Received Import Request.
  Time since last request: 0.000022 seconds.
  path: Assets/imports/Trees/craftpix/bush assets/PNG/Bushes6/Bush6_2.png
  artifactKey: Guid(ea67be169e5aea843abe6cbe9c187fb9) Importer(815301076,1909f56bfc062723c751e8b465ee728b)
Number of updated assets reloaded before import = 0
Start importing Assets/imports/Trees/craftpix/bush assets/PNG/Bushes6/Bush6_2.png using Guid(ea67be169e5aea843abe6cbe9c187fb9) Importer(815301076,1909f56bfc062723c751e8b465ee728b)  -> (artifact id: '3ee34726163e0d409fbaf8d1b4640d7d') in 0.024026 seconds 
Number of asset objects unloaded after import = 3
========================================================================
Received Import Request.
  Time since last request: 0.000021 seconds.
  path: Assets/imports/swamp/3 Objects/Bushes/7.png
  artifactKey: Guid(0d3faf6d819a89e4891f8a8d3dbe340d) Importer(815301076,1909f56bfc062723c751e8b465ee728b)
Number of updated assets reloaded before import = 0
Start importing Assets/imports/swamp/3 Objects/Bushes/7.png using Guid(0d3faf6d819a89e4891f8a8d3dbe340d) Importer(815301076,1909f56bfc062723c751e8b465ee728b)  -> (artifact id: 'be480a84e9a2da60df447f495a8b629d') in 0.022357 seconds 
Number of asset objects unloaded after import = 3
========================================================================
Received Import Request.
  Time since last request: 0.000035 seconds.
  path: Assets/imports/Trees/craftpix/bush assets/PNG/Bushes1/Bush1_3.png
  artifactKey: Guid(b677f2bc4fc9acd4ca48d90faaf19066) Importer(815301076,1909f56bfc062723c751e8b465ee728b)
Number of updated assets reloaded before import = 0
Start importing Assets/imports/Trees/craftpix/bush assets/PNG/Bushes1/Bush1_3.png using Guid(b677f2bc4fc9acd4ca48d90faaf19066) Importer(815301076,1909f56bfc062723c751e8b465ee728b)  -> (artifact id: '36df8a27f5f84082f87d7b5f351daa95') in 0.021191 seconds 
Number of asset objects unloaded after import = 3
========================================================================
Received Import Request.
  Time since last request: 0.770330 seconds.
  path: Assets/imports/webs/cornerweb_tl.png
  artifactKey: Guid(9c2ab8ba95de65f4e897b305a07d0350) Importer(815301076,1909f56bfc062723c751e8b465ee728b)
Number of updated assets reloaded before import = 0
Start importing Assets/imports/webs/cornerweb_tl.png using Guid(9c2ab8ba95de65f4e897b305a07d0350) Importer(815301076,1909f56bfc062723c751e8b465ee728b)  -> (artifact id: '46523e50381f4c6ff2e6f2299dc27411') in 0.051874 seconds 
Number of asset objects unloaded after import = 3
========================================================================
Received Import Request.
  Time since last request: 0.383975 seconds.
  path: Assets/imports/Rocks/craftpix/rocks assets/PNG/desert_rocks/desert_rock3.png
  artifactKey: Guid(a7ea7f30a1d637f43869d08bc09ef286) Importer(815301076,1909f56bfc062723c751e8b465ee728b)
Number of updated assets reloaded before import = 0
Start importing Assets/imports/Rocks/craftpix/rocks assets/PNG/desert_rocks/desert_rock3.png using Guid(a7ea7f30a1d637f43869d08bc09ef286) Importer(815301076,1909f56bfc062723c751e8b465ee728b)  -> (artifact id: 'fd07ed6d6cfd201efa73d208631b3f04') in 0.028191 seconds 
Number of asset objects unloaded after import = 3
========================================================================
Received Import Request.
  Time since last request: 0.000020 seconds.
  path: Assets/imports/Doors/Door_Open_Light_Top_Round.png
  artifactKey: Guid(c639f6ce47c15844fa50d441021d2404) Importer(815301076,1909f56bfc062723c751e8b465ee728b)
Number of updated assets reloaded before import = 0
Start importing Assets/imports/Doors/Door_Open_Light_Top_Round.png using Guid(c639f6ce47c15844fa50d441021d2404) Importer(815301076,1909f56bfc062723c751e8b465ee728b)  -> (artifact id: '1ab90f6d2f4c57bef2fdd79de80c2698') in 0.044645 seconds 
Number of asset objects unloaded after import = 3
========================================================================
Received Import Request.
  Time since last request: 0.000028 seconds.
  path: Assets/imports/Water/eau.png
  artifactKey: Guid(dfa1f7d62f96db149bd9c05eb6749cdf) Importer(815301076,1909f56bfc062723c751e8b465ee728b)
Number of updated assets reloaded before import = 0
Start importing Assets/imports/Water/eau.png using Guid(dfa1f7d62f96db149bd9c05eb6749cdf) Importer(815301076,1909f56bfc062723c751e8b465ee728b)  -> (artifact id: 'f7c29448b293f504148069611c7f031f') in 0.066051 seconds 
Number of asset objects unloaded after import = 20
========================================================================
Received Import Request.
  Time since last request: 0.275107 seconds.
  path: Assets/imports/Trees/craftpix/tree assets/PNG/fir_tree_4.png
  artifactKey: Guid(c36e66f6f21f44843ae2dbd8e8023fdb) Importer(815301076,1909f56bfc062723c751e8b465ee728b)
Number of updated assets reloaded before import = 0
Start importing Assets/imports/Trees/craftpix/tree assets/PNG/fir_tree_4.png using Guid(c36e66f6f21f44843ae2dbd8e8023fdb) Importer(815301076,1909f56bfc062723c751e8b465ee728b)  -> (artifact id: '37a2b5d44aed55c7d1bad536d0b331fd') in 0.034343 seconds 
Number of asset objects unloaded after import = 3
========================================================================
Received Import Request.
  Time since last request: 0.000019 seconds.
  path: Assets/imports/Trees/craftpix/tree assets/PNG/fir_tree_6.png
  artifactKey: Guid(0774535e02940184c9e0d9763b88c61b) Importer(815301076,1909f56bfc062723c751e8b465ee728b)
Number of updated assets reloaded before import = 0
Start importing Assets/imports/Trees/craftpix/tree assets/PNG/fir_tree_6.png using Guid(0774535e02940184c9e0d9763b88c61b) Importer(815301076,1909f56bfc062723c751e8b465ee728b)  -> (artifact id: '17027171e6ef9b7cf48373457c004b56') in 0.028440 seconds 
Number of asset objects unloaded after import = 3
========================================================================
Received Import Request.
  Time since last request: 0.000022 seconds.
  path: Assets/imports/Trees/craftpix/tree assets/PNG/fir_tree_5.png
  artifactKey: Guid(659544eb6d986204c945fae714b09c03) Importer(815301076,1909f56bfc062723c751e8b465ee728b)
Number of updated assets reloaded before import = 0
Start importing Assets/imports/Trees/craftpix/tree assets/PNG/fir_tree_5.png using Guid(659544eb6d986204c945fae714b09c03) Importer(815301076,1909f56bfc062723c751e8b465ee728b)  -> (artifact id: '4bb23efc8941c2be2ca718c63ddedc01') in 0.027214 seconds 
Number of asset objects unloaded after import = 3
========================================================================
Received Import Request.
  Time since last request: 2.054862 seconds.
  path: Assets/Chicken Games/2D Artistic Illustrations Pack/Illustrations/Illustration 6/full illustration.png
  artifactKey: Guid(674cd13d47f71624286fdf8ce71865a3) Importer(815301076,1909f56bfc062723c751e8b465ee728b)
Number of updated assets reloaded before import = 0
Start importing Assets/Chicken Games/2D Artistic Illustrations Pack/Illustrations/Illustration 6/full illustration.png using Guid(674cd13d47f71624286fdf8ce71865a3) Importer(815301076,1909f56bfc062723c751e8b465ee728b)  -> (artifact id: '54296d9560bb4ad6e06f449bced3f578') in 0.221192 seconds 
Number of asset objects unloaded after import = 3
========================================================================
Received Import Request.
  Time since last request: 0.000020 seconds.
  path: Assets/imports/Background/game_background_4.png
  artifactKey: Guid(53e4ae9de5e0eae4c82257265b031092) Importer(815301076,1909f56bfc062723c751e8b465ee728b)
Number of updated assets reloaded before import = 0
Start importing Assets/imports/Background/game_background_4.png using Guid(53e4ae9de5e0eae4c82257265b031092) Importer(815301076,1909f56bfc062723c751e8b465ee728b)  -> (artifact id: '2e914356e1586a4bcd42e8d0f943d8e7') in 0.166297 seconds 
Number of asset objects unloaded after import = 3
========================================================================
Received Import Request.
  Time since last request: 0.000034 seconds.
  path: Assets/imports/persos/gravestones/64x64/grave-06.png
  artifactKey: Guid(6f7ee87bcc425f6428c91c04b7a5afe7) Importer(815301076,1909f56bfc062723c751e8b465ee728b)
Number of updated assets reloaded before import = 0
Start importing Assets/imports/persos/gravestones/64x64/grave-06.png using Guid(6f7ee87bcc425f6428c91c04b7a5afe7) Importer(815301076,1909f56bfc062723c751e8b465ee728b)  -> (artifact id: 'b4cc39bb66606141b8e15519745ec137') in 0.019146 seconds 
Number of asset objects unloaded after import = 3
========================================================================
Received Import Request.
  Time since last request: 0.000015 seconds.
  path: Assets/imports/persos/gravestones/256x256/grave-10.png
  artifactKey: Guid(f82fcfb2e406dce4f95a1bc86351d6ca) Importer(815301076,1909f56bfc062723c751e8b465ee728b)
Number of updated assets reloaded before import = 0
Start importing Assets/imports/persos/gravestones/256x256/grave-10.png using Guid(f82fcfb2e406dce4f95a1bc86351d6ca) Importer(815301076,1909f56bfc062723c751e8b465ee728b)  -> (artifact id: '56646aeae7857d8142707ab84480074a') in 0.025146 seconds 
Number of asset objects unloaded after import = 3
========================================================================
Received Import Request.
  Time since last request: 0.000015 seconds.
  path: Assets/imports/persos/gravestones/64x64/grave-09.png
  artifactKey: Guid(e7dc0200465297e4597b0c0562f54c99) Importer(815301076,1909f56bfc062723c751e8b465ee728b)
Number of updated assets reloaded before import = 0
Start importing Assets/imports/persos/gravestones/64x64/grave-09.png using Guid(e7dc0200465297e4597b0c0562f54c99) Importer(815301076,1909f56bfc062723c751e8b465ee728b)  -> (artifact id: 'b6bfa2676c4a9154b2cfe23bbc2bbcaa') in 0.018201 seconds 
Number of asset objects unloaded after import = 3
========================================================================
Received Import Request.
  Time since last request: 0.000016 seconds.
  path: Assets/imports/persos/gravestones/256x256/grave-11.png
  artifactKey: Guid(c63b75e8aaded5747b520d78a29871e9) Importer(815301076,1909f56bfc062723c751e8b465ee728b)
Number of updated assets reloaded before import = 0
Start importing Assets/imports/persos/gravestones/256x256/grave-11.png using Guid(c63b75e8aaded5747b520d78a29871e9) Importer(815301076,1909f56bfc062723c751e8b465ee728b)  -> (artifact id: '2d28ebf18bcd10a73f42db8393038b2b') in 0.020722 seconds 
Number of asset objects unloaded after import = 3
========================================================================
Received Import Request.
  Time since last request: 0.000025 seconds.
  path: Assets/imports/persos/gravestones/256x256/grave-09.png
  artifactKey: Guid(18b936832b0947440acece7b0ec92f36) Importer(815301076,1909f56bfc062723c751e8b465ee728b)
Number of updated assets reloaded before import = 0
Start importing Assets/imports/persos/gravestones/256x256/grave-09.png using Guid(18b936832b0947440acece7b0ec92f36) Importer(815301076,1909f56bfc062723c751e8b465ee728b)  -> (artifact id: '9603cf737d9202b7067ce0aeedd2ef60') in 0.022128 seconds 
Number of asset objects unloaded after import = 3
========================================================================
Received Import Request.
  Time since last request: 0.000019 seconds.
  path: Assets/imports/persos/gravestones/64x64/grave-13.png
  artifactKey: Guid(2f76f032e62fb31468d2a9ffecfafa2b) Importer(815301076,1909f56bfc062723c751e8b465ee728b)
Number of updated assets reloaded before import = 0
Start importing Assets/imports/persos/gravestones/64x64/grave-13.png using Guid(2f76f032e62fb31468d2a9ffecfafa2b) Importer(815301076,1909f56bfc062723c751e8b465ee728b)  -> (artifact id: '48f4a9493ee5b94bb5673c93885a9506') in 0.018562 seconds 
Number of asset objects unloaded after import = 3
========================================================================
Received Import Request.
  Time since last request: 0.000020 seconds.
  path: Assets/imports/persos/gravestones/64x64/grave-08.png
  artifactKey: Guid(65fc0082d368b8c458104dbe33bcbc30) Importer(815301076,1909f56bfc062723c751e8b465ee728b)
Number of updated assets reloaded before import = 0
Start importing Assets/imports/persos/gravestones/64x64/grave-08.png using Guid(65fc0082d368b8c458104dbe33bcbc30) Importer(815301076,1909f56bfc062723c751e8b465ee728b)  -> (artifact id: '9a21b19f8c610d92dbb1eca56025e87f') in 0.023494 seconds 
Number of asset objects unloaded after import = 3
========================================================================
Received Import Request.
  Time since last request: 0.000033 seconds.
  path: Assets/imports/persos/gravestones/64x64/grave-07.png
  artifactKey: Guid(dd9c66c3189228846999d9ab96b9a3b9) Importer(815301076,1909f56bfc062723c751e8b465ee728b)
Number of updated assets reloaded before import = 0
Start importing Assets/imports/persos/gravestones/64x64/grave-07.png using Guid(dd9c66c3189228846999d9ab96b9a3b9) Importer(815301076,1909f56bfc062723c751e8b465ee728b)  -> (artifact id: '53ab285385262cb6dbf0b195f63c59c2') in 0.023370 seconds 
Number of asset objects unloaded after import = 3
========================================================================
Received Import Request.
  Time since last request: 0.000034 seconds.
  path: Assets/Chicken Games/2D Artistic Illustrations Pack/Illustrations/Illustration 2/full illustration.png
  artifactKey: Guid(ab928845e7be96e429dc1ac0bf82c1df) Importer(815301076,1909f56bfc062723c751e8b465ee728b)
Number of updated assets reloaded before import = 0
Start importing Assets/Chicken Games/2D Artistic Illustrations Pack/Illustrations/Illustration 2/full illustration.png using Guid(ab928845e7be96e429dc1ac0bf82c1df) Importer(815301076,1909f56bfc062723c751e8b465ee728b)  -> (artifact id: '7ac1c4e2a71843856b9fd3addc56f1ec') in 0.155273 seconds 
Number of asset objects unloaded after import = 3
========================================================================
Received Import Request.
  Time since last request: 0.000056 seconds.
  path: Assets/imports/Trees/craftpix/tree assets/PNG/jungle_tree_7.png
  artifactKey: Guid(d5ee5206d22d8614ba1bd47e412b8dc2) Importer(815301076,1909f56bfc062723c751e8b465ee728b)
Number of updated assets reloaded before import = 0
Start importing Assets/imports/Trees/craftpix/tree assets/PNG/jungle_tree_7.png using Guid(d5ee5206d22d8614ba1bd47e412b8dc2) Importer(815301076,1909f56bfc062723c751e8b465ee728b)  -> (artifact id: '830f6c27cdd892b872c9bfea0a693799') in 0.022499 seconds 
Number of asset objects unloaded after import = 3
========================================================================
Received Import Request.
  Time since last request: 0.000024 seconds.
  path: Assets/imports/Trees/craftpix/tree assets/PNG/jungle_tree_6.png
  artifactKey: Guid(36b50c892cc0c7045b5401f9ea66e2b6) Importer(815301076,1909f56bfc062723c751e8b465ee728b)
Number of updated assets reloaded before import = 0
Start importing Assets/imports/Trees/craftpix/tree assets/PNG/jungle_tree_6.png using Guid(36b50c892cc0c7045b5401f9ea66e2b6) Importer(815301076,1909f56bfc062723c751e8b465ee728b)  -> (artifact id: '9e6f039e5c440c5af23f36d0aac0f8b0') in 0.026968 seconds 
Number of asset objects unloaded after import = 3
========================================================================
Received Import Request.
  Time since last request: 0.000015 seconds.
  path: Assets/Chicken Games/2D Artistic Illustrations Pack/Illustrations/Illustration 6/Illustration 6.psd
  artifactKey: Guid(f6549e96d6675c54bbf8f3834434b17b) Importer(815301076,1909f56bfc062723c751e8b465ee728b)
Number of updated assets reloaded before import = 0
Start importing Assets/Chicken Games/2D Artistic Illustrations Pack/Illustrations/Illustration 6/Illustration 6.psd using Guid(f6549e96d6675c54bbf8f3834434b17b) Importer(815301076,1909f56bfc062723c751e8b465ee728b)  -> (artifact id: '98d374f41581a282499ef2edd9b0c3fa') in 0.146932 seconds 
Number of asset objects unloaded after import = 3
========================================================================
Received Import Request.
  Time since last request: 0.000022 seconds.
  path: Assets/imports/Rocks/craftpix/rocks assets/PNG/ice_rock/ice_rock3.png
  artifactKey: Guid(bd78743c0085ee64ab3f0a0f844c96dc) Importer(815301076,1909f56bfc062723c751e8b465ee728b)
Number of updated assets reloaded before import = 0
Start importing Assets/imports/Rocks/craftpix/rocks assets/PNG/ice_rock/ice_rock3.png using Guid(bd78743c0085ee64ab3f0a0f844c96dc) Importer(815301076,1909f56bfc062723c751e8b465ee728b)  -> (artifact id: 'f1283b061848aeed1d6413fe8e1daf01') in 0.018489 seconds 
Number of asset objects unloaded after import = 3
========================================================================
Received Import Request.
  Time since last request: 0.000035 seconds.
  path: Assets/Chicken Games/2D Artistic Illustrations Pack/Illustrations/Illustration 4/illustration 4.psd
  artifactKey: Guid(e402c6f1ea6b47f4ca7c34f00555e71f) Importer(815301076,1909f56bfc062723c751e8b465ee728b)
Number of updated assets reloaded before import = 0
Start importing Assets/Chicken Games/2D Artistic Illustrations Pack/Illustrations/Illustration 4/illustration 4.psd using Guid(e402c6f1ea6b47f4ca7c34f00555e71f) Importer(815301076,1909f56bfc062723c751e8b465ee728b)  -> (artifact id: 'f9b7c777eefca879eda70a09845e13a9') in 0.139796 seconds 
Number of asset objects unloaded after import = 3
========================================================================
Received Import Request.
  Time since last request: 0.000018 seconds.
  path: Assets/imports/persos/gravestones/256x256/grave-01.png
  artifactKey: Guid(ea796afba9d110a48ba354b170798717) Importer(815301076,1909f56bfc062723c751e8b465ee728b)
Number of updated assets reloaded before import = 0
Start importing Assets/imports/persos/gravestones/256x256/grave-01.png using Guid(ea796afba9d110a48ba354b170798717) Importer(815301076,1909f56bfc062723c751e8b465ee728b)  -> (artifact id: 'd00a184abad7b0190395bdcb12ae5b83') in 0.030900 seconds 
Number of asset objects unloaded after import = 3
========================================================================
Received Import Request.
  Time since last request: 0.000015 seconds.
  path: Assets/Chicken Games/2D Artistic Illustrations Pack/Illustrations/Illustration 5/Illustration 5.psd
  artifactKey: Guid(3464b47ed6267ee489550d5291f341c0) Importer(815301076,1909f56bfc062723c751e8b465ee728b)
Number of updated assets reloaded before import = 0
Start importing Assets/Chicken Games/2D Artistic Illustrations Pack/Illustrations/Illustration 5/Illustration 5.psd using Guid(3464b47ed6267ee489550d5291f341c0) Importer(815301076,1909f56bfc062723c751e8b465ee728b)  -> (artifact id: '1ff9fe6dc3213559dc3f6b5c9a874a61') in 0.175087 seconds 
Number of asset objects unloaded after import = 3
========================================================================
Received Import Request.
  Time since last request: 0.000029 seconds.
  path: Assets/imports/persos/gravestones/64x64/grave-12.png
  artifactKey: Guid(626dbb791d7f63c42bbfbbc70cfd4af6) Importer(815301076,1909f56bfc062723c751e8b465ee728b)
Number of updated assets reloaded before import = 0
Start importing Assets/imports/persos/gravestones/64x64/grave-12.png using Guid(626dbb791d7f63c42bbfbbc70cfd4af6) Importer(815301076,1909f56bfc062723c751e8b465ee728b)  -> (artifact id: '84c2e9cb0831258b84fe3a7194bfedbb') in 0.019799 seconds 
Number of asset objects unloaded after import = 3
========================================================================
Received Import Request.
  Time since last request: 0.000024 seconds.
  path: Assets/imports/persos/gravestones/256x256/grave-08.png
  artifactKey: Guid(7705f3e6385ce484990f00be62d07441) Importer(815301076,1909f56bfc062723c751e8b465ee728b)
Number of updated assets reloaded before import = 0
Start importing Assets/imports/persos/gravestones/256x256/grave-08.png using Guid(7705f3e6385ce484990f00be62d07441) Importer(815301076,1909f56bfc062723c751e8b465ee728b)  -> (artifact id: '49bf815ab9b46007845b82dfc796b6f4') in 0.023335 seconds 
Number of asset objects unloaded after import = 3
========================================================================
Received Import Request.
  Time since last request: 0.000019 seconds.
  path: Assets/imports/persos/gravestones/64x64/grave-02.png
  artifactKey: Guid(32ca2f8d445381a479d02cd977105f3d) Importer(815301076,1909f56bfc062723c751e8b465ee728b)
Number of updated assets reloaded before import = 0
Start importing Assets/imports/persos/gravestones/64x64/grave-02.png using Guid(32ca2f8d445381a479d02cd977105f3d) Importer(815301076,1909f56bfc062723c751e8b465ee728b)  -> (artifact id: '40b4cc472289e2e34882700187a3dd2e') in 0.015790 seconds 
Number of asset objects unloaded after import = 3
========================================================================
Received Import Request.
  Time since last request: 0.000022 seconds.
  path: Assets/imports/Rocks/craftpix/rocks assets/PNG/ice_rock/ice_rock1.png
  artifactKey: Guid(14a0f28c12864d443a29b8bb0d6162d7) Importer(815301076,1909f56bfc062723c751e8b465ee728b)
Number of updated assets reloaded before import = 0
Start importing Assets/imports/Rocks/craftpix/rocks assets/PNG/ice_rock/ice_rock1.png using Guid(14a0f28c12864d443a29b8bb0d6162d7) Importer(815301076,1909f56bfc062723c751e8b465ee728b)  -> (artifact id: '5f83e5c4e33d45e62c7978d835465640') in 0.021729 seconds 
Number of asset objects unloaded after import = 3
========================================================================
Received Import Request.
  Time since last request: 0.328841 seconds.
  path: Assets/imports/Trees/craftpix/tree assets/PNG/jungle_tree_11.png
  artifactKey: Guid(c0465f9ad6a78a0448e5d7cad54a3c64) Importer(815301076,1909f56bfc062723c751e8b465ee728b)
Number of updated assets reloaded before import = 0
Start importing Assets/imports/Trees/craftpix/tree assets/PNG/jungle_tree_11.png using Guid(c0465f9ad6a78a0448e5d7cad54a3c64) Importer(815301076,1909f56bfc062723c751e8b465ee728b)  -> (artifact id: '9a44b2fc79d947f6cb37c80391fd83da') in 0.022500 seconds 
Number of asset objects unloaded after import = 3
========================================================================
Received Import Request.
  Time since last request: 0.000021 seconds.
  path: Assets/imports/Trees/craftpix/tree assets/PNG/jungle_tree_13.png
  artifactKey: Guid(4a4568ce2646cd94cba4351c8d1e80b6) Importer(815301076,1909f56bfc062723c751e8b465ee728b)
Number of updated assets reloaded before import = 0
Start importing Assets/imports/Trees/craftpix/tree assets/PNG/jungle_tree_13.png using Guid(4a4568ce2646cd94cba4351c8d1e80b6) Importer(815301076,1909f56bfc062723c751e8b465ee728b)  -> (artifact id: 'd425a5cc9fdce94a4c7faf5e0056ba29') in 0.020667 seconds 
Number of asset objects unloaded after import = 3
========================================================================
Received Import Request.
  Time since last request: 0.572699 seconds.
  path: Assets/Chicken Games/2D Artistic Illustrations Pack/Illustrations/Illustration 3/layer 2.png
  artifactKey: Guid(4ffe28a29399ae940b7d9fba9b59c8ab) Importer(815301076,1909f56bfc062723c751e8b465ee728b)
Number of updated assets reloaded before import = 0
Start importing Assets/Chicken Games/2D Artistic Illustrations Pack/Illustrations/Illustration 3/layer 2.png using Guid(4ffe28a29399ae940b7d9fba9b59c8ab) Importer(815301076,1909f56bfc062723c751e8b465ee728b)  -> (artifact id: 'a17a827f6d2d62591d22a9c7fea07f9c') in 0.252816 seconds 
Number of asset objects unloaded after import = 3
========================================================================
Received Import Request.
  Time since last request: 0.000026 seconds.
  path: Assets/Chicken Games/2D Artistic Illustrations Pack/Illustrations/Illustration 2/layer 2.png
  artifactKey: Guid(d6370f40ea31fa8448fa09144cc6b2ea) Importer(815301076,1909f56bfc062723c751e8b465ee728b)
Number of updated assets reloaded before import = 0
Start importing Assets/Chicken Games/2D Artistic Illustrations Pack/Illustrations/Illustration 2/layer 2.png using Guid(d6370f40ea31fa8448fa09144cc6b2ea) Importer(815301076,1909f56bfc062723c751e8b465ee728b)  -> (artifact id: '4b4b284950770a7cc576fb649b3ec6a3') in 0.184534 seconds 
Number of asset objects unloaded after import = 3
========================================================================
Received Import Request.
  Time since last request: 0.000026 seconds.
  path: Assets/Chicken Games/2D Artistic Illustrations Pack/Illustrations/Illustration 1/layer 3.png
  artifactKey: Guid(63606e0fdb2e0e74785b7386c0c648f3) Importer(815301076,1909f56bfc062723c751e8b465ee728b)
Number of updated assets reloaded before import = 0
Start importing Assets/Chicken Games/2D Artistic Illustrations Pack/Illustrations/Illustration 1/layer 3.png using Guid(63606e0fdb2e0e74785b7386c0c648f3) Importer(815301076,1909f56bfc062723c751e8b465ee728b)  -> (artifact id: 'bd38e1ab6c42169a9bd757673250b191') in 0.175342 seconds 
Number of asset objects unloaded after import = 3
========================================================================
Received Import Request.
  Time since last request: 0.000023 seconds.
  path: Assets/imports/Rocks/craftpix/rocks assets/PNG/middle_lane_rocks1/middle_lane_rock1_5.png
  artifactKey: Guid(5c53c8c5799a76a42a85191b02d56b3c) Importer(815301076,1909f56bfc062723c751e8b465ee728b)
Number of updated assets reloaded before import = 0
Start importing Assets/imports/Rocks/craftpix/rocks assets/PNG/middle_lane_rocks1/middle_lane_rock1_5.png using Guid(5c53c8c5799a76a42a85191b02d56b3c) Importer(815301076,1909f56bfc062723c751e8b465ee728b)  -> (artifact id: '5ff2de72fa0974b27b10efd11a3aca04') in 0.031131 seconds 
Number of asset objects unloaded after import = 3
========================================================================
Received Import Request.
  Time since last request: 0.000019 seconds.
  path: Assets/Chicken Games/2D Artistic Illustrations Pack/Illustrations/Illustration 7/layer 5.png
  artifactKey: Guid(659ddc49c24c047458768db2f9834ba4) Importer(815301076,1909f56bfc062723c751e8b465ee728b)
Number of updated assets reloaded before import = 0
Start importing Assets/Chicken Games/2D Artistic Illustrations Pack/Illustrations/Illustration 7/layer 5.png using Guid(659ddc49c24c047458768db2f9834ba4) Importer(815301076,1909f56bfc062723c751e8b465ee728b)  -> (artifact id: 'a27cb8189aecef05127841c1b275502f') in 0.166422 seconds 
Number of asset objects unloaded after import = 3
========================================================================
Received Import Request.
  Time since last request: 0.000022 seconds.
  path: Assets/Chicken Games/2D Artistic Illustrations Pack/Illustrations/Illustration 1/layer 5.png
  artifactKey: Guid(29e2fded480737a48b4857fd4da3312f) Importer(815301076,1909f56bfc062723c751e8b465ee728b)
Number of updated assets reloaded before import = 0
Start importing Assets/Chicken Games/2D Artistic Illustrations Pack/Illustrations/Illustration 1/layer 5.png using Guid(29e2fded480737a48b4857fd4da3312f) Importer(815301076,1909f56bfc062723c751e8b465ee728b)  -> (artifact id: 'e3748437195dea526f5ceec13cabbb0d') in 0.176267 seconds 
Number of asset objects unloaded after import = 3
========================================================================
Received Import Request.
  Time since last request: 0.000014 seconds.
  path: Assets/imports/Rocks/craftpix/rocks assets/PNG/middle_lane_rocks2/middle_lane_rock2_1.png
  artifactKey: Guid(7805675d9b769964884b0751bb10e84b) Importer(815301076,1909f56bfc062723c751e8b465ee728b)
Number of updated assets reloaded before import = 0
Start importing Assets/imports/Rocks/craftpix/rocks assets/PNG/middle_lane_rocks2/middle_lane_rock2_1.png using Guid(7805675d9b769964884b0751bb10e84b) Importer(815301076,1909f56bfc062723c751e8b465ee728b)  -> (artifact id: '7252fd8f799f40096991793adfd6734d') in 0.036174 seconds 
Number of asset objects unloaded after import = 3
========================================================================
Received Import Request.
  Time since last request: 0.000022 seconds.
  path: Assets/Chicken Games/2D Artistic Illustrations Pack/Illustrations/Illustration 7/layer 4.png
  artifactKey: Guid(342ce16a0b38f594f9bde6943289df4e) Importer(815301076,1909f56bfc062723c751e8b465ee728b)
Number of updated assets reloaded before import = 0
Start importing Assets/Chicken Games/2D Artistic Illustrations Pack/Illustrations/Illustration 7/layer 4.png using Guid(342ce16a0b38f594f9bde6943289df4e) Importer(815301076,1909f56bfc062723c751e8b465ee728b)  -> (artifact id: '037139c5648ddcc3b2d053b33e62f4f9') in 0.159978 seconds 
Number of asset objects unloaded after import = 3
========================================================================
Received Import Request.
  Time since last request: 0.000029 seconds.
  path: Assets/Chicken Games/2D Artistic Illustrations Pack/Illustrations/Illustration 5/layer 3.png
  artifactKey: Guid(302626b269be188438f7e40e744d71fd) Importer(815301076,1909f56bfc062723c751e8b465ee728b)
Number of updated assets reloaded before import = 0
Start importing Assets/Chicken Games/2D Artistic Illustrations Pack/Illustrations/Illustration 5/layer 3.png using Guid(302626b269be188438f7e40e744d71fd) Importer(815301076,1909f56bfc062723c751e8b465ee728b)  -> (artifact id: '8eef43f8c6df3413b1a6a43d1ef92d6f') in 0.184583 seconds 
Number of asset objects unloaded after import = 3
========================================================================
Received Import Request.
  Time since last request: 0.000023 seconds.
  path: Assets/imports/Trees/craftpix/tree assets/PNG/middle_lane_tree2.png
  artifactKey: Guid(459718292e250504f864b2cd0aa37a8b) Importer(815301076,1909f56bfc062723c751e8b465ee728b)
Number of updated assets reloaded before import = 0
Start importing Assets/imports/Trees/craftpix/tree assets/PNG/middle_lane_tree2.png using Guid(459718292e250504f864b2cd0aa37a8b) Importer(815301076,1909f56bfc062723c751e8b465ee728b)  -> (artifact id: 'e1993f524508c490e6b69c03b820f5bc') in 0.027277 seconds 
Number of asset objects unloaded after import = 3
========================================================================
Received Import Request.
  Time since last request: 0.000022 seconds.
  path: Assets/imports/Trees/craftpix/tree assets/PNG/middle_lane_tree6.png
  artifactKey: Guid(04b1416a1b75f454a99696bbf23a903a) Importer(815301076,1909f56bfc062723c751e8b465ee728b)
Number of updated assets reloaded before import = 0
Start importing Assets/imports/Trees/craftpix/tree assets/PNG/middle_lane_tree6.png using Guid(04b1416a1b75f454a99696bbf23a903a) Importer(815301076,1909f56bfc062723c751e8b465ee728b)  -> (artifact id: '965927add1cd9e19f6f8a873b0a9d21d') in 0.018565 seconds 
Number of asset objects unloaded after import = 3
========================================================================
Received Import Request.
  Time since last request: 0.000038 seconds.
  path: Assets/imports/Trees/craftpix/tree assets/PNG/middle_lane_tree7.png
  artifactKey: Guid(01b21a12fb2cf02468d58c338b941f36) Importer(815301076,1909f56bfc062723c751e8b465ee728b)
Number of updated assets reloaded before import = 0
Start importing Assets/imports/Trees/craftpix/tree assets/PNG/middle_lane_tree7.png using Guid(01b21a12fb2cf02468d58c338b941f36) Importer(815301076,1909f56bfc062723c751e8b465ee728b)  -> (artifact id: '0a397b767feb01289ddaab88ca79c70a') in 0.032255 seconds 
Number of asset objects unloaded after import = 3
========================================================================
Received Import Request.
  Time since last request: 0.000054 seconds.
  path: Assets/imports/Trees/craftpix/tree assets/PNG/middle_lane_tree10.png
  artifactKey: Guid(a70c7f4d4a0b5074db0468073089394a) Importer(815301076,1909f56bfc062723c751e8b465ee728b)
Number of updated assets reloaded before import = 0
Start importing Assets/imports/Trees/craftpix/tree assets/PNG/middle_lane_tree10.png using Guid(a70c7f4d4a0b5074db0468073089394a) Importer(815301076,1909f56bfc062723c751e8b465ee728b)  -> (artifact id: '7b2010df9f05b07433ce465e0efda0e1') in 0.021369 seconds 
Number of asset objects unloaded after import = 3
========================================================================
Received Import Request.
  Time since last request: 0.000017 seconds.
  path: Assets/imports/Test parallax/layer_02_1920 x 1080.png
  artifactKey: Guid(e4e7ee2022f144f4c80bfccd2e347a1e) Importer(815301076,1909f56bfc062723c751e8b465ee728b)
Number of updated assets reloaded before import = 0
Start importing Assets/imports/Test parallax/layer_02_1920 x 1080.png using Guid(e4e7ee2022f144f4c80bfccd2e347a1e) Importer(815301076,1909f56bfc062723c751e8b465ee728b)  -> (artifact id: '7914057d6dc6877ee1c03bf56f8a5024') in 0.114802 seconds 
Number of asset objects unloaded after import = 3
========================================================================
Received Import Request.
  Time since last request: 0.000021 seconds.
  path: Assets/imports/Test parallax/layer_06_1920 x 1080.png
  artifactKey: Guid(2e8342430febcc64d92577999d07c4eb) Importer(815301076,1909f56bfc062723c751e8b465ee728b)
Number of updated assets reloaded before import = 0
Start importing Assets/imports/Test parallax/layer_06_1920 x 1080.png using Guid(2e8342430febcc64d92577999d07c4eb) Importer(815301076,1909f56bfc062723c751e8b465ee728b)  -> (artifact id: 'ce5e9237511c248d5c32ba3acd74668c') in 0.119500 seconds 
Number of asset objects unloaded after import = 3
========================================================================
Received Import Request.
  Time since last request: 0.000016 seconds.
  path: Assets/imports/Rocks/craftpix/rocks assets/PNG/middle_lane_rocks2/middle_lane_rock2_3.png
  artifactKey: Guid(bb0588d07cfd2774b892f1cf2517e677) Importer(815301076,1909f56bfc062723c751e8b465ee728b)
Number of updated assets reloaded before import = 0
Start importing Assets/imports/Rocks/craftpix/rocks assets/PNG/middle_lane_rocks2/middle_lane_rock2_3.png using Guid(bb0588d07cfd2774b892f1cf2517e677) Importer(815301076,1909f56bfc062723c751e8b465ee728b)  -> (artifact id: '0870cd0f1f1e6a4c2f2d93f9fbc379e5') in 0.021429 seconds 
Number of asset objects unloaded after import = 3
========================================================================
Received Import Request.
  Time since last request: 5.365483 seconds.
  path: Assets/MainMenu/ps_dpad_all.png
  artifactKey: Guid(9e9655e573af5b948aa912fb1bb026e6) Importer(815301076,1909f56bfc062723c751e8b465ee728b)
Number of updated assets reloaded before import = 0
Start importing Assets/MainMenu/ps_dpad_all.png using Guid(9e9655e573af5b948aa912fb1bb026e6) Importer(815301076,1909f56bfc062723c751e8b465ee728b)  -> (artifact id: '8197550388b1a1f4acd74ebbaa076ee2') in 0.032059 seconds 
Number of asset objects unloaded after import = 3
========================================================================
Received Import Request.
  Time since last request: 0.000021 seconds.
  path: Assets/imports/webs/rectweb.png
  artifactKey: Guid(8e792bd499c6cd14a8680d8e16823b2a) Importer(815301076,1909f56bfc062723c751e8b465ee728b)
Number of updated assets reloaded before import = 0
Start importing Assets/imports/webs/rectweb.png using Guid(8e792bd499c6cd14a8680d8e16823b2a) Importer(815301076,1909f56bfc062723c751e8b465ee728b)  -> (artifact id: 'ade3a8aa38139c731bfacf35f9205aab') in 0.040929 seconds 
Number of asset objects unloaded after import = 3
========================================================================
Received Import Request.
  Time since last request: 1.142603 seconds.
  path: Assets/MainMenu/screenshot-01.jpg
  artifactKey: Guid(4f138021c2e5ccf41ad7492ac9ccd21c) Importer(815301076,1909f56bfc062723c751e8b465ee728b)
Number of updated assets reloaded before import = 0
Start importing Assets/MainMenu/screenshot-01.jpg using Guid(4f138021c2e5ccf41ad7492ac9ccd21c) Importer(815301076,1909f56bfc062723c751e8b465ee728b)  -> (artifact id: '40c1022cbea87488d7d84886e1dc8bb5') in 0.186093 seconds 
Number of asset objects unloaded after import = 3
========================================================================
Received Import Request.
  Time since last request: 0.000021 seconds.
  path: Assets/MainMenu/screenshot-02.png
  artifactKey: Guid(1c7a4372a011c54489314087f5a561e9) Importer(815301076,1909f56bfc062723c751e8b465ee728b)
Number of updated assets reloaded before import = 0
Start importing Assets/MainMenu/screenshot-02.png using Guid(1c7a4372a011c54489314087f5a561e9) Importer(815301076,1909f56bfc062723c751e8b465ee728b)  -> (artifact id: '785cd26c3547e35c8af3764ed183c1fd') in 0.107020 seconds 
Number of asset objects unloaded after import = 3
