Using pre-set license
Built from '2021.3/staging' branch; Version is '2021.3.31f1 (3409e2af086f) revision 3410402'; Using compiler version '192829333'; Build Type 'Release'
OS: 'Windows 11  (10.0.22621) 64bit Core' Language: 'fr' Physical Memory: 16247 MB
BatchMode: 1, IsHumanControllingUs: 0, StartBugReporterOnCrash: 0, Is64bit: 1, IsPro: 1

COMMAND LINE ARGUMENTS:
C:\Program Files\Unity\Hub\Editor\2021.3.31f1\Editor\Unity.exe
-adb2
-batchMode
-noUpm
-name
AssetImportWorker2
-projectPath
C:/Users/alexi/Mon Drive/Projets Unity/Game 2D
-logFile
Logs/AssetImportWorker2.log
-srvPort
55188
Successfully changed project path to: C:/Users/alexi/Mon Drive/Projets Unity/Game 2D
C:/Users/alexi/Mon Drive/Projets Unity/Game 2D
[UnityMemory] Configuration Parameters - Can be set up in boot.config
    "memorysetup-bucket-allocator-granularity=16"
    "memorysetup-bucket-allocator-bucket-count=8"
    "memorysetup-bucket-allocator-block-size=33554432"
    "memorysetup-bucket-allocator-block-count=8"
    "memorysetup-main-allocator-block-size=16777216"
    "memorysetup-thread-allocator-block-size=16777216"
    "memorysetup-gfx-main-allocator-block-size=16777216"
    "memorysetup-gfx-thread-allocator-block-size=16777216"
    "memorysetup-cache-allocator-block-size=4194304"
    "memorysetup-typetree-allocator-block-size=2097152"
    "memorysetup-profiler-bucket-allocator-granularity=16"
    "memorysetup-profiler-bucket-allocator-bucket-count=8"
    "memorysetup-profiler-bucket-allocator-block-size=33554432"
    "memorysetup-profiler-bucket-allocator-block-count=8"
    "memorysetup-profiler-allocator-block-size=16777216"
    "memorysetup-profiler-editor-allocator-block-size=1048576"
    "memorysetup-temp-allocator-size-main=16777216"
    "memorysetup-job-temp-allocator-block-size=2097152"
    "memorysetup-job-temp-allocator-block-size-background=1048576"
    "memorysetup-job-temp-allocator-reduction-small-platforms=262144"
    "memorysetup-temp-allocator-size-background-worker=32768"
    "memorysetup-temp-allocator-size-job-worker=262144"
    "memorysetup-temp-allocator-size-preload-manager=33554432"
    "memorysetup-temp-allocator-size-nav-mesh-worker=65536"
    "memorysetup-temp-allocator-size-audio-worker=65536"
    "memorysetup-temp-allocator-size-cloud-worker=32768"
    "memorysetup-temp-allocator-size-gi-baking-worker=262144"
    "memorysetup-temp-allocator-size-gfx=262144"
Player connection [20096] Host "[IP] 192.168.1.54 [Port] 0 [Flags] 2 [Guid] 576730926 [EditorId] 576730926 [Version] 1048832 [Id] WindowsEditor(7,DESKTOP-LTMOI1P) [Debug] 1 [PackageName] WindowsEditor [ProjectName] Editor" joined multi-casting on [225.0.0.222:54997]...

Player connection [20096] Host "[IP] 192.168.1.54 [Port] 0 [Flags] 2 [Guid] 576730926 [EditorId] 576730926 [Version] 1048832 [Id] WindowsEditor(7,DESKTOP-LTMOI1P) [Debug] 1 [PackageName] WindowsEditor [ProjectName] Editor" joined alternative multi-casting on [225.0.0.222:34997]...

[Physics::Module] Initialized MultithreadedJobDispatcher with {0} workers.
Refreshing native plugins compatible for Editor in 101.61 ms, found 3 plugins.
Preloading 0 native plugins for Editor in 0.00 ms.
Initialize engine version: 2021.3.31f1 (3409e2af086f)
[Subsystems] Discovering subsystems at path C:/Program Files/Unity/Hub/Editor/2021.3.31f1/Editor/Data/Resources/UnitySubsystems
[Subsystems] Discovering subsystems at path C:/Users/alexi/Mon Drive/Projets Unity/Game 2D/Assets
GfxDevice: creating device client; threaded=0; jobified=0
Direct3D:
    Version:  Direct3D 11.0 [level 11.1]
    Renderer: NVIDIA GeForce GTX 1660 SUPER (ID=0x21c4)
    Vendor:   NVIDIA
    VRAM:     5980 MB
    Driver:   31.0.15.3770
Initialize mono
Mono path[0] = 'C:/Program Files/Unity/Hub/Editor/2021.3.31f1/Editor/Data/Managed'
Mono path[1] = 'C:/Program Files/Unity/Hub/Editor/2021.3.31f1/Editor/Data/MonoBleedingEdge/lib/mono/unityjit-win32'
Mono config path = 'C:/Program Files/Unity/Hub/Editor/2021.3.31f1/Editor/Data/MonoBleedingEdge/etc'
Using monoOptions --debugger-agent=transport=dt_socket,embedding=1,server=y,suspend=n,address=127.0.0.1:56152
Begin MonoManager ReloadAssembly
Registering precompiled unity dll's ...
Register platform support module: C:/Program Files/Unity/Hub/Editor/2021.3.31f1/Editor/Data/PlaybackEngines/WindowsStandaloneSupport/UnityEditor.WindowsStandalone.Extensions.dll
Registered in 0.011148 seconds.
Native extension for WindowsStandalone target not found
Refreshing native plugins compatible for Editor in 91.53 ms, found 3 plugins.
Preloading 0 native plugins for Editor in 0.00 ms.
Mono: successfully reloaded assembly
- Completed reload, in  0.907 seconds
Domain Reload Profiling:
	ReloadAssembly (908ms)
		BeginReloadAssembly (154ms)
			ExecutionOrderSort (0ms)
			DisableScriptedObjects (0ms)
			BackupInstance (0ms)
			ReleaseScriptingObjects (0ms)
			CreateAndSetChildDomain (1ms)
		EndReloadAssembly (624ms)
			LoadAssemblies (150ms)
			RebuildTransferFunctionScriptingTraits (0ms)
			SetupTypeCache (148ms)
			ReleaseScriptCaches (0ms)
			RebuildScriptCaches (44ms)
			SetupLoadedEditorAssemblies (364ms)
				LogAssemblyErrors (0ms)
				InitializePlatformSupportModulesInManaged (11ms)
				SetLoadedEditorAssemblies (0ms)
				RefreshPlugins (92ms)
				BeforeProcessingInitializeOnLoad (2ms)
				ProcessInitializeOnLoadAttributes (183ms)
				ProcessInitializeOnLoadMethodAttributes (77ms)
				AfterProcessingInitializeOnLoad (0ms)
				EditorAssembliesLoaded (0ms)
			ExecutionOrderSort2 (0ms)
			AwakeInstancesAfterBackupRestoration (0ms)
Platform modules already initialized, skipping
Registering precompiled user dll's ...
Registered in 0.018615 seconds.
Begin MonoManager ReloadAssembly
Native extension for WindowsStandalone target not found
Refreshing native plugins compatible for Editor in 103.25 ms, found 3 plugins.
Preloading 0 native plugins for Editor in 0.00 ms.
Package Manager log level set to [2]
[Package Manager] Server::EnsureServerProcessIsRunning -- launch failed, reason: Unity was launched with the -noUpm command-line argument
[Package Manager] Cannot connect to Unity Package Manager local server
Mono: successfully reloaded assembly
- Completed reload, in  2.232 seconds
Domain Reload Profiling:
	ReloadAssembly (2233ms)
		BeginReloadAssembly (204ms)
			ExecutionOrderSort (0ms)
			DisableScriptedObjects (7ms)
			BackupInstance (0ms)
			ReleaseScriptingObjects (0ms)
			CreateAndSetChildDomain (33ms)
		EndReloadAssembly (1873ms)
			LoadAssemblies (218ms)
			RebuildTransferFunctionScriptingTraits (0ms)
			SetupTypeCache (351ms)
			ReleaseScriptCaches (1ms)
			RebuildScriptCaches (91ms)
			SetupLoadedEditorAssemblies (1199ms)
				LogAssemblyErrors (0ms)
				InitializePlatformSupportModulesInManaged (5ms)
				SetLoadedEditorAssemblies (0ms)
				RefreshPlugins (103ms)
				BeforeProcessingInitializeOnLoad (135ms)
				ProcessInitializeOnLoadAttributes (808ms)
				ProcessInitializeOnLoadMethodAttributes (135ms)
				AfterProcessingInitializeOnLoad (12ms)
				EditorAssembliesLoaded (0ms)
			ExecutionOrderSort2 (0ms)
			AwakeInstancesAfterBackupRestoration (10ms)
Platform modules already initialized, skipping
========================================================================
Worker process is ready to serve import requests
Launched and connected shader compiler UnityShaderCompiler.exe after 0.07 seconds
Refreshing native plugins compatible for Editor in 1.33 ms, found 3 plugins.
Preloading 0 native plugins for Editor in 0.00 ms.
Unloading 3761 Unused Serialized files (Serialized files now loaded: 0)
Unloading 46 unused Assets / (0.6 MB). Loaded Objects now: 4235.
Memory consumption went from 189.8 MB to 189.1 MB.
Total: 4.362700 ms (FindLiveObjects: 0.409500 ms CreateObjectMapping: 0.274700 ms MarkObjects: 3.362600 ms  DeleteObjects: 0.315000 ms)

AssetImportParameters requested are different than current active one (requested -> active):
  custom:video-decoder-ogg-theora: a1e56fd34408186e4bbccfd4996cb3dc -> 
  custom:container-muxer-webm: aa71ff27fc2769a1b78a27578f13a17b -> 
  custom:container-demuxer-webm: 4f35f7cbe854078d1ac9338744f61a02 -> 
  custom:video-encoder-webm-vp8: eb34c28f22e8b96e1ab97ce403110664 -> 
  custom:video-codec-MediaFoundation-h265: 746d11721c4dcdbdad8f713fa42b33f4 -> 
  custom:audio-encoder-webm-vorbis: bf7c407c2cedff20999df2af8eb42d56 -> 
  custom:framework-win-MediaFoundation: 216162199b28c13a410421893ffa2e32 -> 
  custom:SearchIndexIgnoredProperties: e643bd26f0fe6173181afceb89e7c659 -> 
  custom:container-demuxer-ogg: 62fdf1f143b41e24485cea50d1cbac27 -> 
  custom:video-decoder-webm-vp8: 9c59270c3fd7afecdb556c50c9e8de78 -> 
  custom:audio-decoder-ogg-vorbis: bf7c407c2cedff20999df2af8eb42d56 -> 
========================================================================
Received Import Request.
  Time since last request: 23368.133809 seconds.
  path: Assets/Palettes/Palette rochers.prefab
  artifactKey: Guid(04282cf94c7d26c4a82b6fa544d48ee0) Importer(815301076,1909f56bfc062723c751e8b465ee728b)
Number of updated assets reloaded before import = 0
Start importing Assets/Palettes/Palette rochers.prefab using Guid(04282cf94c7d26c4a82b6fa544d48ee0) Importer(815301076,1909f56bfc062723c751e8b465ee728b)  -> (artifact id: 'c6613b42e16fd1efd2f64e8f39309c2a') in 0.398634 seconds 
Number of asset objects unloaded after import = 144
========================================================================
Received Import Request.
  Time since last request: 0.000035 seconds.
  path: Assets/Palettes/Palette eau.prefab
  artifactKey: Guid(9a9149a6603543643a49becffe215d89) Importer(815301076,1909f56bfc062723c751e8b465ee728b)
Number of updated assets reloaded before import = 0
Start importing Assets/Palettes/Palette eau.prefab using Guid(9a9149a6603543643a49becffe215d89) Importer(815301076,1909f56bfc062723c751e8b465ee728b)  -> (artifact id: '5df19737eb1b8f18fa4e7d98a3fbb11f') in 0.029275 seconds 
Number of asset objects unloaded after import = 48
========================================================================
Received Prepare
Refreshing native plugins compatible for Editor in 13.47 ms, found 3 plugins.
Preloading 0 native plugins for Editor in 0.00 ms.
Unloading 33 Unused Serialized files (Serialized files now loaded: 0)
Unloading 50 unused Assets / (0.6 MB). Loaded Objects now: 4313.
Memory consumption went from 114.6 MB to 114.0 MB.
Total: 6.062500 ms (FindLiveObjects: 0.404400 ms CreateObjectMapping: 0.446100 ms MarkObjects: 4.683500 ms  DeleteObjects: 0.527000 ms)

AssetImportParameters requested are different than current active one (requested -> active):
  custom:video-decoder-ogg-theora: a1e56fd34408186e4bbccfd4996cb3dc -> 
  custom:container-muxer-webm: aa71ff27fc2769a1b78a27578f13a17b -> 
  custom:container-demuxer-webm: 4f35f7cbe854078d1ac9338744f61a02 -> 
  custom:video-encoder-webm-vp8: eb34c28f22e8b96e1ab97ce403110664 -> 
  custom:video-codec-MediaFoundation-h265: 746d11721c4dcdbdad8f713fa42b33f4 -> 
  custom:CustomObjectIndexerAttribute: 6b0e35c9178b02a6363f3721b7b8e397 -> 
  custom:audio-encoder-webm-vorbis: bf7c407c2cedff20999df2af8eb42d56 -> 
  custom:framework-win-MediaFoundation: 216162199b28c13a410421893ffa2e32 -> 
  custom:SearchIndexIgnoredProperties: e643bd26f0fe6173181afceb89e7c659 -> 
  custom:container-demuxer-ogg: 62fdf1f143b41e24485cea50d1cbac27 -> 
  custom:video-decoder-webm-vp8: 9c59270c3fd7afecdb556c50c9e8de78 -> 
  custom:audio-decoder-ogg-vorbis: bf7c407c2cedff20999df2af8eb42d56 -> 
========================================================================
Received Import Request.
  Time since last request: 30.146538 seconds.
  path: Assets/Prefabs/ArrowPack.prefab
  artifactKey: Guid(08ee2f22040cf5b47b179eb5ea65c714) Importer(815301076,1909f56bfc062723c751e8b465ee728b)
Number of updated assets reloaded before import = 0
Start importing Assets/Prefabs/ArrowPack.prefab using Guid(08ee2f22040cf5b47b179eb5ea65c714) Importer(815301076,1909f56bfc062723c751e8b465ee728b)  -> (artifact id: '7704fb2132796c1b59d86f890982e0d3') in 0.022509 seconds 
Number of asset objects unloaded after import = 11
========================================================================
Received Import Request.
  Time since last request: 0.000022 seconds.
  path: Assets/Prefabs/Door-V3.prefab
  artifactKey: Guid(11287b5481aef1a4198815d446d65249) Importer(815301076,1909f56bfc062723c751e8b465ee728b)
Number of updated assets reloaded before import = 0
Start importing Assets/Prefabs/Door-V3.prefab using Guid(11287b5481aef1a4198815d446d65249) Importer(815301076,1909f56bfc062723c751e8b465ee728b)  -> (artifact id: '17f1426b1b8c6bd1df74d1f468f3bdf1') in 0.017922 seconds 
Number of asset objects unloaded after import = 13
========================================================================
Received Import Request.
  Time since last request: 0.000021 seconds.
  path: Assets/Prefabs/green-potion-perso.prefab
  artifactKey: Guid(9f2c6ba331018fe46988dad660b6580b) Importer(815301076,1909f56bfc062723c751e8b465ee728b)
Number of updated assets reloaded before import = 0
Start importing Assets/Prefabs/green-potion-perso.prefab using Guid(9f2c6ba331018fe46988dad660b6580b) Importer(815301076,1909f56bfc062723c751e8b465ee728b)  -> (artifact id: 'f462bbd7ae867f4fbb328f28a67dc4ee') in 0.013171 seconds 
Number of asset objects unloaded after import = 12
========================================================================
Received Import Request.
  Time since last request: 0.000025 seconds.
  path: Assets/Prefabs/KeySign.prefab
  artifactKey: Guid(ec33fb62c1827564aae26768b6a52137) Importer(815301076,1909f56bfc062723c751e8b465ee728b)
Number of updated assets reloaded before import = 0
Start importing Assets/Prefabs/KeySign.prefab using Guid(ec33fb62c1827564aae26768b6a52137) Importer(815301076,1909f56bfc062723c751e8b465ee728b)  -> (artifact id: 'f6d118457f45c9169d8c6ae9653e1397') in 0.013797 seconds 
Number of asset objects unloaded after import = 20
========================================================================
Received Import Request.
  Time since last request: 0.000019 seconds.
  path: Assets/Prefabs/fire02.prefab
  artifactKey: Guid(9fe1234d37d54ce4e8f70178dd25d521) Importer(815301076,1909f56bfc062723c751e8b465ee728b)
Number of updated assets reloaded before import = 0
Start importing Assets/Prefabs/fire02.prefab using Guid(9fe1234d37d54ce4e8f70178dd25d521) Importer(815301076,1909f56bfc062723c751e8b465ee728b)  -> (artifact id: '7e468b02ef6a52c8106bb4445b37231c') in 0.019798 seconds 
Number of asset objects unloaded after import = 50
========================================================================
Received Import Request.
  Time since last request: 0.000032 seconds.
  path: Assets/Prefabs/Herbes.prefab
  artifactKey: Guid(b1bead6045b4de841af00b0ad842178d) Importer(815301076,1909f56bfc062723c751e8b465ee728b)
Number of updated assets reloaded before import = 0
Start importing Assets/Prefabs/Herbes.prefab using Guid(b1bead6045b4de841af00b0ad842178d) Importer(815301076,1909f56bfc062723c751e8b465ee728b)  -> (artifact id: '1a8e93b18129e8caf65be88edc90de5c') in 0.020175 seconds 
Number of asset objects unloaded after import = 55
========================================================================
Received Import Request.
  Time since last request: 0.000037 seconds.
  path: Assets/Prefabs/poteau.prefab
  artifactKey: Guid(43694c5067cdfe14db0e08671add9300) Importer(815301076,1909f56bfc062723c751e8b465ee728b)
Number of updated assets reloaded before import = 0
Start importing Assets/Prefabs/poteau.prefab using Guid(43694c5067cdfe14db0e08671add9300) Importer(815301076,1909f56bfc062723c751e8b465ee728b)  -> (artifact id: '8b39fb29f32362de7f87108b8a777e5d') in 0.013746 seconds 
Number of asset objects unloaded after import = 8
========================================================================
Received Import Request.
  Time since last request: 0.000024 seconds.
  path: Assets/Prefabs/Spikes.prefab
  artifactKey: Guid(bfa3b34953c014045bf68593554ef094) Importer(815301076,1909f56bfc062723c751e8b465ee728b)
Number of updated assets reloaded before import = 0
Start importing Assets/Prefabs/Spikes.prefab using Guid(bfa3b34953c014045bf68593554ef094) Importer(815301076,1909f56bfc062723c751e8b465ee728b)  -> (artifact id: 'ecc9f18267a69e44f590e69642570d6e') in 0.017386 seconds 
Number of asset objects unloaded after import = 23
========================================================================
Received Import Request.
  Time since last request: 0.000026 seconds.
  path: Assets/Prefabs/door-V2.prefab
  artifactKey: Guid(47e79a3445e9ec34dbe79bf27e862964) Importer(815301076,1909f56bfc062723c751e8b465ee728b)
Number of updated assets reloaded before import = 0
Start importing Assets/Prefabs/door-V2.prefab using Guid(47e79a3445e9ec34dbe79bf27e862964) Importer(815301076,1909f56bfc062723c751e8b465ee728b)  -> (artifact id: '976aa70d0fa108c9a11b265de3133e59') in 0.011737 seconds 
Number of asset objects unloaded after import = 13
========================================================================
Received Import Request.
  Time since last request: 0.000021 seconds.
  path: Assets/Prefabs/fire01.prefab
  artifactKey: Guid(0fedec689674e5d4b813f76f35d541de) Importer(815301076,1909f56bfc062723c751e8b465ee728b)
Number of updated assets reloaded before import = 0
Start importing Assets/Prefabs/fire01.prefab using Guid(0fedec689674e5d4b813f76f35d541de) Importer(815301076,1909f56bfc062723c751e8b465ee728b)  -> (artifact id: '516e345595d939159e82a4252fb6ac60') in 0.017872 seconds 
Number of asset objects unloaded after import = 47
========================================================================
Received Import Request.
  Time since last request: 0.000024 seconds.
  path: Assets/Prefabs/Chest.prefab
  artifactKey: Guid(519a03b3ecd6d9b40b10891481fa3d49) Importer(815301076,1909f56bfc062723c751e8b465ee728b)
Number of updated assets reloaded before import = 0
Start importing Assets/Prefabs/Chest.prefab using Guid(519a03b3ecd6d9b40b10891481fa3d49) Importer(815301076,1909f56bfc062723c751e8b465ee728b)  -> (artifact id: '93510f0dfb329b0a60a23211d3dc6859') in 0.016790 seconds 
Number of asset objects unloaded after import = 21
========================================================================
Received Import Request.
  Time since last request: 0.000029 seconds.
  path: Assets/Prefabs/MagicBox.prefab
  artifactKey: Guid(2c4d1513719b3d24d8c821e701d6b353) Importer(815301076,1909f56bfc062723c751e8b465ee728b)
Number of updated assets reloaded before import = 0
Start importing Assets/Prefabs/MagicBox.prefab using Guid(2c4d1513719b3d24d8c821e701d6b353) Importer(815301076,1909f56bfc062723c751e8b465ee728b)  -> (artifact id: '95f3f83d4ce8de4cb67a4ccca395da40') in 0.024049 seconds 
Number of asset objects unloaded after import = 38
========================================================================
Received Import Request.
  Time since last request: 0.000027 seconds.
  path: Assets/Prefabs/Chrono.prefab
  artifactKey: Guid(3ff75032019b8944bbcf4cda87cb4c25) Importer(815301076,1909f56bfc062723c751e8b465ee728b)
Number of updated assets reloaded before import = 0
Start importing Assets/Prefabs/Chrono.prefab using Guid(3ff75032019b8944bbcf4cda87cb4c25) Importer(815301076,1909f56bfc062723c751e8b465ee728b)  -> (artifact id: '28bed0744871526e94f8b3db011fac36') in 0.004548 seconds 
Number of asset objects unloaded after import = 5
========================================================================
Received Import Request.
  Time since last request: 13.318818 seconds.
  path: Assets/characters.png
  artifactKey: Guid(39d9cc573341d4941bbbb77b2c5ac6ba) Importer(815301076,1909f56bfc062723c751e8b465ee728b)
Number of updated assets reloaded before import = 0
Start importing Assets/characters.png using Guid(39d9cc573341d4941bbbb77b2c5ac6ba) Importer(815301076,1909f56bfc062723c751e8b465ee728b)  -> (artifact id: 'b619668623e34b582c1ff9ad0be13404') in 0.210595 seconds 
Number of asset objects unloaded after import = 75
========================================================================
Received Import Request.
  Time since last request: 7.335299 seconds.
  path: Assets/imports/32x32-bat-sprite.png
  artifactKey: Guid(2124fed56446f794ea5b8b74397d0c14) Importer(815301076,1909f56bfc062723c751e8b465ee728b)
Number of updated assets reloaded before import = 0
Start importing Assets/imports/32x32-bat-sprite.png using Guid(2124fed56446f794ea5b8b74397d0c14) Importer(815301076,1909f56bfc062723c751e8b465ee728b)  -> (artifact id: 'ed62bf8f2539ffff0f590ddb6ae2a95f') in 0.078474 seconds 
Number of asset objects unloaded after import = 18
========================================================================
Received Import Request.
  Time since last request: 0.000022 seconds.
  path: Assets/imports/BrokenTorch.png
  artifactKey: Guid(f82a6261e7de3674d984d6d1427b578f) Importer(815301076,1909f56bfc062723c751e8b465ee728b)
Number of updated assets reloaded before import = 0
Start importing Assets/imports/BrokenTorch.png using Guid(f82a6261e7de3674d984d6d1427b578f) Importer(815301076,1909f56bfc062723c751e8b465ee728b)  -> (artifact id: 'fca4b065eb917384c043d5f555f00c84') in 0.030920 seconds 
Number of asset objects unloaded after import = 8
========================================================================
Received Import Request.
  Time since last request: 0.000025 seconds.
  path: Assets/imports/landscape.png
  artifactKey: Guid(01107770b3d466c4ca819021155e0ec5) Importer(815301076,1909f56bfc062723c751e8b465ee728b)
Number of updated assets reloaded before import = 0
Start importing Assets/imports/landscape.png using Guid(01107770b3d466c4ca819021155e0ec5) Importer(815301076,1909f56bfc062723c751e8b465ee728b)  -> (artifact id: '32a0367ca810ac9bc23e7e0153bb52d0') in 0.199427 seconds 
Number of asset objects unloaded after import = 3
========================================================================
Received Import Request.
  Time since last request: 0.000034 seconds.
  path: Assets/imports/spikes.png
  artifactKey: Guid(81cad04ec11f76249bd4974c918d01e1) Importer(815301076,1909f56bfc062723c751e8b465ee728b)
Number of updated assets reloaded before import = 0
Start importing Assets/imports/spikes.png using Guid(81cad04ec11f76249bd4974c918d01e1) Importer(815301076,1909f56bfc062723c751e8b465ee728b)  -> (artifact id: '82974edd10c827af0e8cd965de6fbdb6') in 0.026777 seconds 
Number of asset objects unloaded after import = 4
========================================================================
Received Import Request.
  Time since last request: 0.000030 seconds.
  path: Assets/imports/Tileset - Swamp.png
  artifactKey: Guid(2c660925fa23a2b4ba2207c705b867c4) Importer(815301076,1909f56bfc062723c751e8b465ee728b)
Number of updated assets reloaded before import = 0
Start importing Assets/imports/Tileset - Swamp.png using Guid(2c660925fa23a2b4ba2207c705b867c4) Importer(815301076,1909f56bfc062723c751e8b465ee728b)  -> (artifact id: 'd018435df0b2a30c07f4841e6e4f6895') in 0.154601 seconds 
Number of asset objects unloaded after import = 62
========================================================================
Received Import Request.
  Time since last request: 0.000024 seconds.
  path: Assets/imports/poteau.png
  artifactKey: Guid(a4c290e4267eb4143a0b6a0b6b402289) Importer(815301076,1909f56bfc062723c751e8b465ee728b)
Number of updated assets reloaded before import = 0
Start importing Assets/imports/poteau.png using Guid(a4c290e4267eb4143a0b6a0b6b402289) Importer(815301076,1909f56bfc062723c751e8b465ee728b)  -> (artifact id: '00b34f5c1ac188c02c9e87a79dd64058') in 0.032735 seconds 
Number of asset objects unloaded after import = 3
========================================================================
Received Import Request.
  Time since last request: 0.000024 seconds.
  path: Assets/imports/sheet.png
  artifactKey: Guid(4652259ffb1497a4aa886a70f7cc9447) Importer(815301076,1909f56bfc062723c751e8b465ee728b)
Number of updated assets reloaded before import = 0
Start importing Assets/imports/sheet.png using Guid(4652259ffb1497a4aa886a70f7cc9447) Importer(815301076,1909f56bfc062723c751e8b465ee728b)  -> (artifact id: '060363e2c487629107d9d96eba47e51a') in 0.191856 seconds 
Number of asset objects unloaded after import = 102
========================================================================
Received Import Request.
  Time since last request: 0.000041 seconds.
  path: Assets/imports/door.png
  artifactKey: Guid(7d70021c52951554f9172cd60894848e) Importer(815301076,1909f56bfc062723c751e8b465ee728b)
Number of updated assets reloaded before import = 0
Start importing Assets/imports/door.png using Guid(7d70021c52951554f9172cd60894848e) Importer(815301076,1909f56bfc062723c751e8b465ee728b)  -> (artifact id: '05cfafe9dc47917d6472160e516978d9') in 0.019216 seconds 
Number of asset objects unloaded after import = 3
========================================================================
Received Import Request.
  Time since last request: 0.000025 seconds.
  path: Assets/imports/Walk.png
  artifactKey: Guid(783c03dfe7c3aec4da3eecdcb8c90824) Importer(815301076,1909f56bfc062723c751e8b465ee728b)
Number of updated assets reloaded before import = 0
Start importing Assets/imports/Walk.png using Guid(783c03dfe7c3aec4da3eecdcb8c90824) Importer(815301076,1909f56bfc062723c751e8b465ee728b)  -> (artifact id: '6303da126280d842eee618afdf339503') in 0.072363 seconds 
Number of asset objects unloaded after import = 38
========================================================================
Received Import Request.
  Time since last request: 402.323544 seconds.
  path: Assets/Scenes
  artifactKey: Guid(e3a7983e6c866b9489e79145388aed93) Importer(815301076,1909f56bfc062723c751e8b465ee728b)
Number of updated assets reloaded before import = 0
Start importing Assets/Scenes using Guid(e3a7983e6c866b9489e79145388aed93) Importer(815301076,1909f56bfc062723c751e8b465ee728b)  -> (artifact id: '4b955bbf4bde7a867df07de9884d732b') in 0.002413 seconds 
Number of asset objects unloaded after import = 0
========================================================================
Received Import Request.
  Time since last request: 1.238818 seconds.
  path: Assets/Scenes/Level01.unity
  artifactKey: Guid(f671241097a1ba944bb669c2fc618b21) Importer(815301076,1909f56bfc062723c751e8b465ee728b)
Number of updated assets reloaded before import = 0
Start importing Assets/Scenes/Level01.unity using Guid(f671241097a1ba944bb669c2fc618b21) Importer(815301076,1909f56bfc062723c751e8b465ee728b)  -> (artifact id: '590445c5948a98a2871c1616890e7144') in 0.002564 seconds 
Number of asset objects unloaded after import = 0
========================================================================
Received Prepare
Registering precompiled user dll's ...
Registered in 0.012444 seconds.
Begin MonoManager ReloadAssembly
Native extension for WindowsStandalone target not found
Refreshing native plugins compatible for Editor in 1.24 ms, found 3 plugins.
Preloading 0 native plugins for Editor in 0.00 ms.
[Package Manager] Server::EnsureServerProcessIsRunning -- launch failed, reason: Unity was launched with the -noUpm command-line argument
[Package Manager] Cannot connect to Unity Package Manager local server
Mono: successfully reloaded assembly
- Completed reload, in  1.878 seconds
Domain Reload Profiling:
	ReloadAssembly (1879ms)
		BeginReloadAssembly (212ms)
			ExecutionOrderSort (0ms)
			DisableScriptedObjects (12ms)
			BackupInstance (0ms)
			ReleaseScriptingObjects (0ms)
			CreateAndSetChildDomain (51ms)
		EndReloadAssembly (1540ms)
			LoadAssemblies (153ms)
			RebuildTransferFunctionScriptingTraits (0ms)
			SetupTypeCache (324ms)
			ReleaseScriptCaches (2ms)
			RebuildScriptCaches (56ms)
			SetupLoadedEditorAssemblies (947ms)
				LogAssemblyErrors (0ms)
				InitializePlatformSupportModulesInManaged (6ms)
				SetLoadedEditorAssemblies (0ms)
				RefreshPlugins (1ms)
				BeforeProcessingInitializeOnLoad (100ms)
				ProcessInitializeOnLoadAttributes (693ms)
				ProcessInitializeOnLoadMethodAttributes (131ms)
				AfterProcessingInitializeOnLoad (14ms)
				EditorAssembliesLoaded (0ms)
			ExecutionOrderSort2 (0ms)
			AwakeInstancesAfterBackupRestoration (20ms)
Platform modules already initialized, skipping
Refreshing native plugins compatible for Editor in 1.16 ms, found 3 plugins.
Preloading 0 native plugins for Editor in 0.00 ms.
Unloading 3640 Unused Serialized files (Serialized files now loaded: 0)
Unloading 34 unused Assets / (307.2 KB). Loaded Objects now: 4323.
Memory consumption went from 190.9 MB to 190.6 MB.
Total: 4.802600 ms (FindLiveObjects: 0.542400 ms CreateObjectMapping: 0.474500 ms MarkObjects: 3.665800 ms  DeleteObjects: 0.118400 ms)

AssetImportParameters requested are different than current active one (requested -> active):
  custom:video-decoder-ogg-theora: a1e56fd34408186e4bbccfd4996cb3dc -> 
  custom:container-muxer-webm: aa71ff27fc2769a1b78a27578f13a17b -> 
  custom:container-demuxer-webm: 4f35f7cbe854078d1ac9338744f61a02 -> 
  custom:video-encoder-webm-vp8: eb34c28f22e8b96e1ab97ce403110664 -> 
  custom:video-codec-MediaFoundation-h265: 746d11721c4dcdbdad8f713fa42b33f4 -> 
  custom:CustomObjectIndexerAttribute: 6b0e35c9178b02a6363f3721b7b8e397 -> 
  custom:audio-encoder-webm-vorbis: bf7c407c2cedff20999df2af8eb42d56 -> 
  custom:framework-win-MediaFoundation: 216162199b28c13a410421893ffa2e32 -> 
  custom:SearchIndexIgnoredProperties: e643bd26f0fe6173181afceb89e7c659 -> 
  custom:container-demuxer-ogg: 62fdf1f143b41e24485cea50d1cbac27 -> 
  custom:video-decoder-webm-vp8: 9c59270c3fd7afecdb556c50c9e8de78 -> 
  custom:audio-decoder-ogg-vorbis: bf7c407c2cedff20999df2af8eb42d56 -> 
========================================================================
Received Import Request.
  Time since last request: 163.205066 seconds.
  path: Assets/Audio
  artifactKey: Guid(517f067d9e1ebbe479668852ca241092) Importer(815301076,1909f56bfc062723c751e8b465ee728b)
Number of updated assets reloaded before import = 0
Start importing Assets/Audio using Guid(517f067d9e1ebbe479668852ca241092) Importer(815301076,1909f56bfc062723c751e8b465ee728b)  -> (artifact id: 'a8e4337b3edfe09cbf768deac5b90f93') in 0.015460 seconds 
Number of asset objects unloaded after import = 0
========================================================================
Received Import Request.
  Time since last request: 2.056484 seconds.
  path: Assets/imports
  artifactKey: Guid(bd09de93677810849a8af500c55a879c) Importer(815301076,1909f56bfc062723c751e8b465ee728b)
Number of updated assets reloaded before import = 0
Start importing Assets/imports using Guid(bd09de93677810849a8af500c55a879c) Importer(815301076,1909f56bfc062723c751e8b465ee728b)  -> (artifact id: '4042a93b7b7107e3335db3569ed8a2ec') in 0.001961 seconds 
Number of asset objects unloaded after import = 0
========================================================================
Received Import Request.
  Time since last request: 10.870086 seconds.
  path: Assets/imports/pf-sign-gray.png
  artifactKey: Guid(05e9f2d17272df740bb81646f287711e) Importer(815301076,1909f56bfc062723c751e8b465ee728b)
Number of updated assets reloaded before import = 0
Start importing Assets/imports/pf-sign-gray.png using Guid(05e9f2d17272df740bb81646f287711e) Importer(815301076,1909f56bfc062723c751e8b465ee728b)  -> (artifact id: 'a3a8749d21d13aa55457d3551d29bf41') in 0.073149 seconds 
Number of asset objects unloaded after import = 3
